2018-09-02 18:28:23  [ main:64 ] - [ ERROR ]  暂时还没有数据表
 2018-09-02 18:28:23  [ main:100 ] - [ ERROR ]  数据表 * testtable * 创建失败--没有 * test2 * 数据库
 2018-09-02 18:28:49  [ main:55 ] - [ ERROR ]  暂时还没有数据表
 2018-09-02 18:28:49  [ main:90 ] - [ ERROR ]  暂时还没有主键
 2018-09-02 18:28:49  [ main:91 ] - [ ERROR ]  暂时还没有索引
 2018-09-02 18:28:49  [ main:91 ] - [ ERROR ]  暂时还没有字段
 2018-09-02 18:28:49  [ main:126 ] - [ ERROR ]  没有该字段，设置主键失败
 2018-09-02 18:29:32  [ main:9 ] - [ ERROR ]  暂时还没有数据表
 2018-09-02 18:29:32  [ main:17 ] - [ ERROR ]  暂时还没有主键
 2018-09-02 18:29:32  [ main:18 ] - [ ERROR ]  暂时还没有索引
 2018-09-02 18:29:32  [ main:18 ] - [ ERROR ]  暂时还没有字段
 2018-09-02 18:35:24  [ main:46 ] - [ ERROR ]  暂时还没有数据表
 2018-09-02 18:35:24  [ main:57 ] - [ ERROR ]  暂时还没有主键
 2018-09-02 18:35:24  [ main:57 ] - [ ERROR ]  暂时还没有索引
 2018-09-02 18:35:24  [ main:58 ] - [ ERROR ]  暂时还没有字段
 2018-09-02 18:44:12  [ main:21 ] - [ ERROR ]  插入信息与该表字段不符
 2018-09-02 18:44:12  [ main:22 ] - [ ERROR ]  插入信息与该表字段不符
 2018-09-02 18:44:12  [ main:23 ] - [ ERROR ]  插入信息与该表字段不符
 2018-09-02 18:44:12  [ main:25 ] - [ ERROR ]  插入信息与该表字段不符
 2018-09-02 18:44:12  [ main:25 ] - [ ERROR ]  插入信息与该表字段不符
 2018-09-02 18:44:12  [ main:26 ] - [ ERROR ]  插入信息与该表字段不符
 2018-09-02 18:44:12  [ main:27 ] - [ ERROR ]  插入信息与该表字段不符
 2018-09-02 18:44:12  [ main:27 ] - [ ERROR ]  插入信息与该表字段不符
 2018-09-02 18:44:12  [ main:28 ] - [ ERROR ]  插入信息与该表字段不符
 2018-09-02 18:44:12  [ main:28 ] - [ ERROR ]  插入信息与该表字段不符
 2018-09-02 18:44:12  [ main:28 ] - [ ERROR ]  插入信息与该表字段不符
 2018-09-02 18:44:12  [ main:29 ] - [ ERROR ]  插入信息与该表字段不符
 2018-09-02 18:44:12  [ main:29 ] - [ ERROR ]  插入信息与该表字段不符
 2018-09-02 18:44:12  [ main:30 ] - [ ERROR ]  插入信息与该表字段不符
 2018-09-02 18:44:12  [ main:30 ] - [ ERROR ]  插入信息与该表字段不符
 2018-09-02 18:44:12  [ main:30 ] - [ ERROR ]  插入信息与该表字段不符
 2018-09-02 18:44:12  [ main:31 ] - [ ERROR ]  插入信息与该表字段不符
 2018-09-02 18:44:12  [ main:31 ] - [ ERROR ]  插入信息与该表字段不符
 2018-09-02 18:44:12  [ main:32 ] - [ ERROR ]  插入信息与该表字段不符
 2018-09-02 18:44:12  [ main:32 ] - [ ERROR ]  插入信息与该表字段不符
 2018-09-02 18:44:12  [ main:33 ] - [ ERROR ]  插入信息与该表字段不符
 2018-09-02 18:44:12  [ main:33 ] - [ ERROR ]  插入信息与该表字段不符
 2018-09-02 18:44:12  [ main:34 ] - [ ERROR ]  插入信息与该表字段不符
 2018-09-02 18:44:12  [ main:34 ] - [ ERROR ]  插入信息与该表字段不符
 2018-09-02 18:44:12  [ main:35 ] - [ ERROR ]  插入信息与该表字段不符
 2018-09-02 18:44:12  [ main:36 ] - [ ERROR ]  插入信息与该表字段不符
 2018-09-02 18:44:12  [ main:36 ] - [ ERROR ]  插入信息与该表字段不符
 2018-09-02 18:44:12  [ main:37 ] - [ ERROR ]  插入信息与该表字段不符
 2018-09-02 18:44:12  [ main:40 ] - [ ERROR ]  插入信息与该表字段不符
 2018-09-02 18:44:12  [ main:45 ] - [ ERROR ]  插入信息与该表字段不符
 2018-09-02 18:44:12  [ main:45 ] - [ ERROR ]  插入信息与该表字段不符
 2018-09-02 18:44:12  [ main:46 ] - [ ERROR ]  插入信息与该表字段不符
 2018-09-02 18:44:12  [ main:47 ] - [ ERROR ]  插入信息与该表字段不符
 2018-09-02 18:44:12  [ main:47 ] - [ ERROR ]  插入信息与该表字段不符
 2018-09-02 18:44:12  [ main:47 ] - [ ERROR ]  插入信息与该表字段不符
 2018-09-02 18:44:12  [ main:48 ] - [ ERROR ]  插入信息与该表字段不符
 2018-09-02 18:44:12  [ main:48 ] - [ ERROR ]  插入信息与该表字段不符
 2018-09-02 18:44:12  [ main:50 ] - [ ERROR ]  插入信息与该表字段不符
 2018-09-02 18:44:12  [ main:51 ] - [ ERROR ]  插入信息与该表字段不符
 2018-09-02 18:44:12  [ main:51 ] - [ ERROR ]  插入信息与该表字段不符
 2018-09-02 18:44:12  [ main:53 ] - [ ERROR ]  插入信息与该表字段不符
 2018-09-02 18:44:12  [ main:54 ] - [ ERROR ]  插入信息与该表字段不符
 2018-09-02 18:44:12  [ main:54 ] - [ ERROR ]  插入信息与该表字段不符
 2018-09-02 18:44:12  [ main:55 ] - [ ERROR ]  插入信息与该表字段不符
 2018-09-02 18:44:12  [ main:55 ] - [ ERROR ]  插入信息与该表字段不符
 2018-09-02 18:44:12  [ main:57 ] - [ ERROR ]  插入信息与该表字段不符
 2018-09-02 18:44:12  [ main:58 ] - [ ERROR ]  插入信息与该表字段不符
 2018-09-02 18:44:12  [ main:58 ] - [ ERROR ]  插入信息与该表字段不符
 2018-09-02 18:44:12  [ main:58 ] - [ ERROR ]  插入信息与该表字段不符
 2018-09-02 18:44:12  [ main:59 ] - [ ERROR ]  插入信息与该表字段不符
 2018-09-02 18:44:12  [ main:59 ] - [ ERROR ]  插入信息与该表字段不符
 2018-09-02 18:44:12  [ main:59 ] - [ ERROR ]  插入信息与该表字段不符
 2018-09-02 18:44:12  [ main:59 ] - [ ERROR ]  插入信息与该表字段不符
 2018-09-02 18:44:12  [ main:60 ] - [ ERROR ]  插入信息与该表字段不符
 2018-09-02 18:44:12  [ main:60 ] - [ ERROR ]  插入信息与该表字段不符
 2018-09-02 18:44:12  [ main:60 ] - [ ERROR ]  插入信息与该表字段不符
 2018-09-02 18:44:12  [ main:61 ] - [ ERROR ]  插入信息与该表字段不符
 2018-09-02 18:44:12  [ main:61 ] - [ ERROR ]  插入信息与该表字段不符
 2018-09-02 18:44:12  [ main:61 ] - [ ERROR ]  插入信息与该表字段不符
 2018-09-02 18:44:12  [ main:62 ] - [ ERROR ]  插入信息与该表字段不符
 2018-09-02 18:44:12  [ main:62 ] - [ ERROR ]  插入信息与该表字段不符
 2018-09-02 18:44:12  [ main:62 ] - [ ERROR ]  插入信息与该表字段不符
 2018-09-02 18:44:12  [ main:65 ] - [ ERROR ]  插入信息与该表字段不符
 2018-09-02 18:44:12  [ main:65 ] - [ ERROR ]  插入信息与该表字段不符
 2018-09-02 18:44:12  [ main:65 ] - [ ERROR ]  插入信息与该表字段不符
 2018-09-02 18:44:12  [ main:66 ] - [ ERROR ]  插入信息与该表字段不符
 2018-09-02 18:44:12  [ main:67 ] - [ ERROR ]  插入信息与该表字段不符
 2018-09-02 18:44:12  [ main:67 ] - [ ERROR ]  插入信息与该表字段不符
 2018-09-02 18:44:12  [ main:67 ] - [ ERROR ]  插入信息与该表字段不符
 2018-09-02 18:44:12  [ main:68 ] - [ ERROR ]  插入信息与该表字段不符
 2018-09-02 18:44:12  [ main:68 ] - [ ERROR ]  插入信息与该表字段不符
 2018-09-02 18:44:12  [ main:68 ] - [ ERROR ]  插入信息与该表字段不符
 2018-09-02 18:44:12  [ main:69 ] - [ ERROR ]  插入信息与该表字段不符
 2018-09-02 18:44:12  [ main:69 ] - [ ERROR ]  插入信息与该表字段不符
 2018-09-02 18:44:12  [ main:69 ] - [ ERROR ]  插入信息与该表字段不符
 2018-09-02 18:44:12  [ main:69 ] - [ ERROR ]  插入信息与该表字段不符
 2018-09-02 18:44:12  [ main:70 ] - [ ERROR ]  插入信息与该表字段不符
 2018-09-02 18:44:12  [ main:70 ] - [ ERROR ]  插入信息与该表字段不符
 2018-09-02 18:44:12  [ main:71 ] - [ ERROR ]  插入信息与该表字段不符
 2018-09-02 18:44:12  [ main:71 ] - [ ERROR ]  插入信息与该表字段不符
 2018-09-02 18:44:12  [ main:72 ] - [ ERROR ]  插入信息与该表字段不符
 2018-09-02 18:44:12  [ main:73 ] - [ ERROR ]  插入信息与该表字段不符
 2018-09-02 18:44:12  [ main:73 ] - [ ERROR ]  插入信息与该表字段不符
 2018-09-02 18:44:12  [ main:73 ] - [ ERROR ]  插入信息与该表字段不符
 2018-09-02 18:44:12  [ main:74 ] - [ ERROR ]  插入信息与该表字段不符
 2018-09-02 18:44:12  [ main:74 ] - [ ERROR ]  插入信息与该表字段不符
 2018-09-02 18:44:12  [ main:74 ] - [ ERROR ]  插入信息与该表字段不符
 2018-09-02 18:44:12  [ main:74 ] - [ ERROR ]  插入信息与该表字段不符
 2018-09-02 18:44:12  [ main:75 ] - [ ERROR ]  插入信息与该表字段不符
 2018-09-02 18:44:12  [ main:76 ] - [ ERROR ]  插入信息与该表字段不符
 2018-09-02 18:44:12  [ main:76 ] - [ ERROR ]  插入信息与该表字段不符
 2018-09-02 18:44:12  [ main:77 ] - [ ERROR ]  插入信息与该表字段不符
 2018-09-02 18:44:12  [ main:77 ] - [ ERROR ]  插入信息与该表字段不符
 2018-09-02 18:44:12  [ main:77 ] - [ ERROR ]  插入信息与该表字段不符
 2018-09-02 18:44:12  [ main:78 ] - [ ERROR ]  插入信息与该表字段不符
 2018-09-02 18:44:12  [ main:78 ] - [ ERROR ]  插入信息与该表字段不符
 2018-09-02 18:44:12  [ main:78 ] - [ ERROR ]  插入信息与该表字段不符
 2018-09-02 18:44:12  [ main:78 ] - [ ERROR ]  插入信息与该表字段不符
 2018-09-02 18:44:12  [ main:79 ] - [ ERROR ]  插入信息与该表字段不符
 2018-09-02 18:44:12  [ main:79 ] - [ ERROR ]  插入信息与该表字段不符
 2018-09-02 18:44:12  [ main:79 ] - [ ERROR ]  插入信息与该表字段不符
 2018-09-02 18:44:12  [ main:79 ] - [ ERROR ]  插入信息与该表字段不符
 2018-09-02 18:44:12  [ main:80 ] - [ ERROR ]  插入信息与该表字段不符
 2018-09-02 18:44:12  [ main:80 ] - [ ERROR ]  插入信息与该表字段不符
 2018-09-02 18:44:12  [ main:80 ] - [ ERROR ]  插入信息与该表字段不符
 2018-09-02 18:44:12  [ main:81 ] - [ ERROR ]  插入信息与该表字段不符
 2018-09-02 18:44:12  [ main:81 ] - [ ERROR ]  插入信息与该表字段不符
 2018-09-02 18:44:12  [ main:81 ] - [ ERROR ]  插入信息与该表字段不符
 2018-09-02 18:44:12  [ main:81 ] - [ ERROR ]  插入信息与该表字段不符
 2018-09-02 18:44:12  [ main:82 ] - [ ERROR ]  插入信息与该表字段不符
 2018-09-02 18:44:12  [ main:82 ] - [ ERROR ]  插入信息与该表字段不符
 2018-09-02 18:44:12  [ main:82 ] - [ ERROR ]  插入信息与该表字段不符
 2018-09-02 18:44:12  [ main:82 ] - [ ERROR ]  插入信息与该表字段不符
 2018-09-02 18:44:12  [ main:82 ] - [ ERROR ]  插入信息与该表字段不符
 2018-09-02 18:44:12  [ main:83 ] - [ ERROR ]  插入信息与该表字段不符
 2018-09-02 18:44:12  [ main:83 ] - [ ERROR ]  插入信息与该表字段不符
 2018-09-02 18:44:12  [ main:83 ] - [ ERROR ]  插入信息与该表字段不符
 2018-09-02 18:44:12  [ main:83 ] - [ ERROR ]  插入信息与该表字段不符
 2018-09-02 18:44:12  [ main:84 ] - [ ERROR ]  插入信息与该表字段不符
 2018-09-02 18:44:12  [ main:84 ] - [ ERROR ]  插入信息与该表字段不符
 2018-09-02 18:44:12  [ main:84 ] - [ ERROR ]  插入信息与该表字段不符
 2018-09-02 18:44:12  [ main:84 ] - [ ERROR ]  插入信息与该表字段不符
 2018-09-02 18:44:12  [ main:86 ] - [ ERROR ]  插入信息与该表字段不符
 2018-09-02 18:44:12  [ main:86 ] - [ ERROR ]  插入信息与该表字段不符
 2018-09-02 18:44:12  [ main:87 ] - [ ERROR ]  插入信息与该表字段不符
 2018-09-02 18:44:12  [ main:87 ] - [ ERROR ]  插入信息与该表字段不符
 2018-09-02 18:44:12  [ main:87 ] - [ ERROR ]  插入信息与该表字段不符
 2018-09-02 18:44:12  [ main:88 ] - [ ERROR ]  插入信息与该表字段不符
 2018-09-02 18:44:12  [ main:88 ] - [ ERROR ]  插入信息与该表字段不符
 2018-09-02 18:44:12  [ main:88 ] - [ ERROR ]  插入信息与该表字段不符
 2018-09-02 18:44:12  [ main:89 ] - [ ERROR ]  插入信息与该表字段不符
 2018-09-02 18:44:12  [ main:89 ] - [ ERROR ]  插入信息与该表字段不符
 2018-09-02 18:44:12  [ main:89 ] - [ ERROR ]  插入信息与该表字段不符
 2018-09-02 18:44:12  [ main:89 ] - [ ERROR ]  插入信息与该表字段不符
 2018-09-02 18:44:12  [ main:90 ] - [ ERROR ]  插入信息与该表字段不符
 2018-09-02 18:44:12  [ main:90 ] - [ ERROR ]  插入信息与该表字段不符
 2018-09-02 18:44:12  [ main:90 ] - [ ERROR ]  插入信息与该表字段不符
 2018-09-02 18:44:12  [ main:90 ] - [ ERROR ]  插入信息与该表字段不符
 2018-09-02 18:44:12  [ main:90 ] - [ ERROR ]  插入信息与该表字段不符
 2018-09-02 18:44:12  [ main:91 ] - [ ERROR ]  插入信息与该表字段不符
 2018-09-02 18:44:12  [ main:91 ] - [ ERROR ]  插入信息与该表字段不符
 2018-09-02 18:44:12  [ main:91 ] - [ ERROR ]  插入信息与该表字段不符
 2018-09-02 18:44:12  [ main:91 ] - [ ERROR ]  插入信息与该表字段不符
 2018-09-02 18:44:12  [ main:92 ] - [ ERROR ]  插入信息与该表字段不符
 2018-09-02 18:44:12  [ main:92 ] - [ ERROR ]  插入信息与该表字段不符
 2018-09-02 18:44:12  [ main:93 ] - [ ERROR ]  插入信息与该表字段不符
 2018-09-02 18:44:12  [ main:93 ] - [ ERROR ]  插入信息与该表字段不符
 2018-09-02 18:44:12  [ main:93 ] - [ ERROR ]  插入信息与该表字段不符
 2018-09-02 18:44:12  [ main:93 ] - [ ERROR ]  插入信息与该表字段不符
 2018-09-02 18:44:12  [ main:94 ] - [ ERROR ]  插入信息与该表字段不符
 2018-09-02 18:44:12  [ main:100 ] - [ ERROR ]  插入信息与该表字段不符
 2018-09-02 18:44:12  [ main:100 ] - [ ERROR ]  插入信息与该表字段不符
 2018-09-02 18:44:12  [ main:100 ] - [ ERROR ]  插入信息与该表字段不符
 2018-09-02 18:44:12  [ main:101 ] - [ ERROR ]  插入信息与该表字段不符
 2018-09-02 18:44:12  [ main:101 ] - [ ERROR ]  插入信息与该表字段不符
 2018-09-02 18:44:12  [ main:103 ] - [ ERROR ]  插入信息与该表字段不符
 2018-09-02 18:44:12  [ main:104 ] - [ ERROR ]  插入信息与该表字段不符
 2018-09-02 18:44:12  [ main:104 ] - [ ERROR ]  插入信息与该表字段不符
 2018-09-02 18:44:12  [ main:105 ] - [ ERROR ]  插入信息与该表字段不符
 2018-09-02 18:44:12  [ main:106 ] - [ ERROR ]  插入信息与该表字段不符
 2018-09-02 18:44:12  [ main:106 ] - [ ERROR ]  插入信息与该表字段不符
 2018-09-02 18:44:12  [ main:107 ] - [ ERROR ]  插入信息与该表字段不符
 2018-09-02 18:44:12  [ main:107 ] - [ ERROR ]  插入信息与该表字段不符
 2018-09-02 18:44:12  [ main:107 ] - [ ERROR ]  插入信息与该表字段不符
 2018-09-02 18:44:12  [ main:138 ] - [ ERROR ]  插入信息与该表字段不符
 2018-09-02 18:44:12  [ main:139 ] - [ ERROR ]  插入信息与该表字段不符
 2018-09-02 18:44:12  [ main:152 ] - [ ERROR ]  插入信息与该表字段不符
 2018-09-02 18:44:12  [ main:152 ] - [ ERROR ]  插入信息与该表字段不符
 2018-09-02 18:44:12  [ main:152 ] - [ ERROR ]  插入信息与该表字段不符
 2018-09-02 18:44:12  [ main:153 ] - [ ERROR ]  插入信息与该表字段不符
 2018-09-02 18:44:12  [ main:154 ] - [ ERROR ]  插入信息与该表字段不符
 2018-09-02 18:44:12  [ main:155 ] - [ ERROR ]  插入信息与该表字段不符
 2018-09-02 18:44:12  [ main:155 ] - [ ERROR ]  插入信息与该表字段不符
 2018-09-02 18:44:12  [ main:156 ] - [ ERROR ]  插入信息与该表字段不符
 2018-09-02 18:44:12  [ main:156 ] - [ ERROR ]  插入信息与该表字段不符
 2018-09-02 18:44:12  [ main:157 ] - [ ERROR ]  插入信息与该表字段不符
 2018-09-02 18:44:12  [ main:157 ] - [ ERROR ]  插入信息与该表字段不符
 2018-09-02 18:44:12  [ main:157 ] - [ ERROR ]  插入信息与该表字段不符
 2018-09-02 18:44:12  [ main:157 ] - [ ERROR ]  插入信息与该表字段不符
 2018-09-02 18:44:12  [ main:157 ] - [ ERROR ]  插入信息与该表字段不符
 2018-09-02 18:44:12  [ main:157 ] - [ ERROR ]  插入信息与该表字段不符
 2018-09-02 18:44:12  [ main:158 ] - [ ERROR ]  插入信息与该表字段不符
 2018-09-02 18:44:12  [ main:158 ] - [ ERROR ]  插入信息与该表字段不符
 2018-09-02 18:44:12  [ main:158 ] - [ ERROR ]  插入信息与该表字段不符
 2018-09-02 18:44:12  [ main:159 ] - [ ERROR ]  插入信息与该表字段不符
 2018-09-02 18:44:12  [ main:159 ] - [ ERROR ]  插入信息与该表字段不符
 2018-09-02 18:44:12  [ main:159 ] - [ ERROR ]  插入信息与该表字段不符
 2018-09-02 18:44:12  [ main:160 ] - [ ERROR ]  插入信息与该表字段不符
 2018-09-02 18:44:12  [ main:160 ] - [ ERROR ]  插入信息与该表字段不符
 2018-09-02 18:44:12  [ main:165 ] - [ ERROR ]  插入信息与该表字段不符
 2018-09-02 18:44:12  [ main:167 ] - [ ERROR ]  插入信息与该表字段不符
 2018-09-02 18:44:12  [ main:168 ] - [ ERROR ]  插入信息与该表字段不符
 2018-09-02 18:44:12  [ main:169 ] - [ ERROR ]  插入信息与该表字段不符
 2018-09-02 18:44:12  [ main:169 ] - [ ERROR ]  插入信息与该表字段不符
 2018-09-02 18:44:12  [ main:170 ] - [ ERROR ]  插入信息与该表字段不符
 2018-09-02 18:44:12  [ main:172 ] - [ ERROR ]  插入信息与该表字段不符
 2018-09-02 18:44:12  [ main:172 ] - [ ERROR ]  插入信息与该表字段不符
 2018-09-02 18:44:12  [ main:172 ] - [ ERROR ]  插入信息与该表字段不符
 2018-09-02 18:44:12  [ main:173 ] - [ ERROR ]  插入信息与该表字段不符
 2018-09-02 18:44:12  [ main:173 ] - [ ERROR ]  插入信息与该表字段不符
 2018-09-02 18:44:12  [ main:173 ] - [ ERROR ]  插入信息与该表字段不符
 2018-09-02 18:44:12  [ main:173 ] - [ ERROR ]  插入信息与该表字段不符
 2018-09-02 18:44:12  [ main:174 ] - [ ERROR ]  插入信息与该表字段不符
 2018-09-02 18:44:12  [ main:184 ] - [ ERROR ]  插入信息与该表字段不符
 2018-09-02 18:44:12  [ main:184 ] - [ ERROR ]  插入信息与该表字段不符
 2018-09-02 18:44:12  [ main:184 ] - [ ERROR ]  插入信息与该表字段不符
 2018-09-02 18:44:12  [ main:184 ] - [ ERROR ]  插入信息与该表字段不符
 2018-09-02 18:44:12  [ main:184 ] - [ ERROR ]  插入信息与该表字段不符
 2018-09-02 18:44:12  [ main:184 ] - [ ERROR ]  插入信息与该表字段不符
 2018-09-02 18:44:12  [ main:185 ] - [ ERROR ]  插入信息与该表字段不符
 2018-09-02 18:44:12  [ main:185 ] - [ ERROR ]  插入信息与该表字段不符
 2018-09-02 18:44:12  [ main:185 ] - [ ERROR ]  插入信息与该表字段不符
 2018-09-02 18:44:12  [ main:186 ] - [ ERROR ]  插入信息与该表字段不符
 2018-09-02 18:44:12  [ main:187 ] - [ ERROR ]  插入信息与该表字段不符
 2018-09-02 18:44:12  [ main:187 ] - [ ERROR ]  插入信息与该表字段不符
 2018-09-02 18:44:12  [ main:187 ] - [ ERROR ]  插入信息与该表字段不符
 2018-09-02 18:44:12  [ main:187 ] - [ ERROR ]  插入信息与该表字段不符
 2018-09-02 18:44:12  [ main:187 ] - [ ERROR ]  插入信息与该表字段不符
 2018-09-02 18:44:12  [ main:187 ] - [ ERROR ]  插入信息与该表字段不符
 2018-09-02 18:44:12  [ main:188 ] - [ ERROR ]  插入信息与该表字段不符
 2018-09-02 18:44:12  [ main:188 ] - [ ERROR ]  插入信息与该表字段不符
 2018-09-02 18:44:12  [ main:188 ] - [ ERROR ]  插入信息与该表字段不符
 2018-09-02 18:44:12  [ main:188 ] - [ ERROR ]  插入信息与该表字段不符
 2018-09-02 18:44:12  [ main:188 ] - [ ERROR ]  插入信息与该表字段不符
 2018-09-02 18:44:12  [ main:188 ] - [ ERROR ]  插入信息与该表字段不符
 2018-09-02 18:44:12  [ main:189 ] - [ ERROR ]  插入信息与该表字段不符
 2018-09-02 18:44:12  [ main:189 ] - [ ERROR ]  插入信息与该表字段不符
 2018-09-02 18:44:12  [ main:189 ] - [ ERROR ]  插入信息与该表字段不符
 2018-09-02 18:44:12  [ main:189 ] - [ ERROR ]  插入信息与该表字段不符
 2018-09-02 18:44:12  [ main:189 ] - [ ERROR ]  插入信息与该表字段不符
 2018-09-02 18:44:12  [ main:189 ] - [ ERROR ]  插入信息与该表字段不符
 2018-09-02 18:44:12  [ main:190 ] - [ ERROR ]  插入信息与该表字段不符
 2018-09-02 18:44:12  [ main:191 ] - [ ERROR ]  插入信息与该表字段不符
 2018-09-02 18:44:12  [ main:191 ] - [ ERROR ]  插入信息与该表字段不符
 2018-09-02 18:44:12  [ main:193 ] - [ ERROR ]  插入信息与该表字段不符
 2018-09-02 18:44:12  [ main:193 ] - [ ERROR ]  插入信息与该表字段不符
 2018-09-02 18:44:12  [ main:193 ] - [ ERROR ]  插入信息与该表字段不符
 2018-09-02 18:44:12  [ main:194 ] - [ ERROR ]  插入信息与该表字段不符
 2018-09-02 18:44:12  [ main:194 ] - [ ERROR ]  插入信息与该表字段不符
 2018-09-02 18:44:12  [ main:194 ] - [ ERROR ]  插入信息与该表字段不符
 2018-09-02 18:44:12  [ main:194 ] - [ ERROR ]  插入信息与该表字段不符
 2018-09-02 18:44:12  [ main:195 ] - [ ERROR ]  插入信息与该表字段不符
 2018-09-02 18:44:12  [ main:195 ] - [ ERROR ]  插入信息与该表字段不符
 2018-09-02 18:44:12  [ main:195 ] - [ ERROR ]  插入信息与该表字段不符
 2018-09-02 18:44:12  [ main:195 ] - [ ERROR ]  插入信息与该表字段不符
 2018-09-02 18:44:12  [ main:197 ] - [ ERROR ]  插入信息与该表字段不符
 2018-09-02 18:44:12  [ main:197 ] - [ ERROR ]  插入信息与该表字段不符
 2018-09-02 18:44:12  [ main:197 ] - [ ERROR ]  插入信息与该表字段不符
 2018-09-02 18:44:12  [ main:197 ] - [ ERROR ]  插入信息与该表字段不符
 2018-09-02 18:44:12  [ main:198 ] - [ ERROR ]  插入信息与该表字段不符
 2018-09-02 18:44:12  [ main:198 ] - [ ERROR ]  插入信息与该表字段不符
 2018-09-02 18:44:12  [ main:198 ] - [ ERROR ]  插入信息与该表字段不符
 2018-09-02 18:44:12  [ main:198 ] - [ ERROR ]  插入信息与该表字段不符
 2018-09-02 18:44:12  [ main:199 ] - [ ERROR ]  插入信息与该表字段不符
 2018-09-02 18:44:12  [ main:199 ] - [ ERROR ]  插入信息与该表字段不符
 2018-09-02 18:44:12  [ main:199 ] - [ ERROR ]  插入信息与该表字段不符
 2018-09-02 18:44:12  [ main:199 ] - [ ERROR ]  插入信息与该表字段不符
 2018-09-02 18:44:12  [ main:199 ] - [ ERROR ]  插入信息与该表字段不符
 2018-09-02 18:44:12  [ main:200 ] - [ ERROR ]  插入信息与该表字段不符
 2018-09-02 18:44:12  [ main:200 ] - [ ERROR ]  插入信息与该表字段不符
 2018-09-02 18:44:12  [ main:200 ] - [ ERROR ]  插入信息与该表字段不符
 2018-09-02 18:44:12  [ main:200 ] - [ ERROR ]  插入信息与该表字段不符
 2018-09-02 18:44:12  [ main:200 ] - [ ERROR ]  插入信息与该表字段不符
 2018-09-02 18:44:12  [ main:200 ] - [ ERROR ]  插入信息与该表字段不符
 2018-09-02 18:44:12  [ main:201 ] - [ ERROR ]  插入信息与该表字段不符
 2018-09-02 18:44:12  [ main:201 ] - [ ERROR ]  插入信息与该表字段不符
 2018-09-02 18:44:12  [ main:201 ] - [ ERROR ]  插入信息与该表字段不符
 2018-09-02 18:44:12  [ main:202 ] - [ ERROR ]  插入信息与该表字段不符
 2018-09-02 18:44:12  [ main:235 ] - [ ERROR ]  插入信息与该表字段不符
 2018-09-02 18:44:12  [ main:236 ] - [ ERROR ]  插入信息与该表字段不符
 2018-09-02 18:44:12  [ main:237 ] - [ ERROR ]  插入信息与该表字段不符
 2018-09-02 18:44:12  [ main:237 ] - [ ERROR ]  插入信息与该表字段不符
 2018-09-02 18:44:12  [ main:237 ] - [ ERROR ]  插入信息与该表字段不符
 2018-09-02 18:44:12  [ main:237 ] - [ ERROR ]  插入信息与该表字段不符
 2018-09-02 18:44:12  [ main:237 ] - [ ERROR ]  插入信息与该表字段不符
 2018-09-02 18:44:12  [ main:238 ] - [ ERROR ]  插入信息与该表字段不符
 2018-09-02 18:44:12  [ main:238 ] - [ ERROR ]  插入信息与该表字段不符
 2018-09-02 18:44:12  [ main:238 ] - [ ERROR ]  插入信息与该表字段不符
 2018-09-02 18:44:12  [ main:238 ] - [ ERROR ]  插入信息与该表字段不符
 2018-09-02 18:44:12  [ main:238 ] - [ ERROR ]  插入信息与该表字段不符
 2018-09-02 18:44:12  [ main:239 ] - [ ERROR ]  插入信息与该表字段不符
 2018-09-02 18:44:12  [ main:239 ] - [ ERROR ]  插入信息与该表字段不符
 2018-09-02 18:44:12  [ main:239 ] - [ ERROR ]  插入信息与该表字段不符
 2018-09-02 18:44:12  [ main:239 ] - [ ERROR ]  插入信息与该表字段不符
 2018-09-02 18:44:12  [ main:239 ] - [ ERROR ]  插入信息与该表字段不符
 2018-09-02 18:44:12  [ main:239 ] - [ ERROR ]  插入信息与该表字段不符
 2018-09-02 18:44:12  [ main:240 ] - [ ERROR ]  插入信息与该表字段不符
 2018-09-02 18:44:12  [ main:240 ] - [ ERROR ]  插入信息与该表字段不符
 2018-09-02 18:44:12  [ main:240 ] - [ ERROR ]  插入信息与该表字段不符
 2018-09-02 18:44:12  [ main:240 ] - [ ERROR ]  插入信息与该表字段不符
 2018-09-02 18:44:12  [ main:240 ] - [ ERROR ]  插入信息与该表字段不符
 2018-09-02 18:44:12  [ main:240 ] - [ ERROR ]  插入信息与该表字段不符
 2018-09-02 18:44:12  [ main:241 ] - [ ERROR ]  插入信息与该表字段不符
 2018-09-02 18:44:12  [ main:241 ] - [ ERROR ]  插入信息与该表字段不符
 2018-09-02 18:44:12  [ main:241 ] - [ ERROR ]  插入信息与该表字段不符
 2018-09-02 18:44:12  [ main:241 ] - [ ERROR ]  插入信息与该表字段不符
 2018-09-02 18:44:12  [ main:241 ] - [ ERROR ]  插入信息与该表字段不符
 2018-09-02 18:44:12  [ main:241 ] - [ ERROR ]  插入信息与该表字段不符
 2018-09-02 18:44:12  [ main:242 ] - [ ERROR ]  插入信息与该表字段不符
 2018-09-02 18:44:12  [ main:242 ] - [ ERROR ]  插入信息与该表字段不符
 2018-09-02 18:44:12  [ main:242 ] - [ ERROR ]  插入信息与该表字段不符
 2018-09-02 18:44:12  [ main:242 ] - [ ERROR ]  插入信息与该表字段不符
 2018-09-02 18:44:12  [ main:242 ] - [ ERROR ]  插入信息与该表字段不符
 2018-09-02 18:44:12  [ main:242 ] - [ ERROR ]  插入信息与该表字段不符
 2018-09-02 18:44:12  [ main:243 ] - [ ERROR ]  插入信息与该表字段不符
 2018-09-02 18:44:12  [ main:243 ] - [ ERROR ]  插入信息与该表字段不符
 2018-09-02 18:44:12  [ main:243 ] - [ ERROR ]  插入信息与该表字段不符
 2018-09-02 18:44:12  [ main:243 ] - [ ERROR ]  插入信息与该表字段不符
 2018-09-02 18:44:12  [ main:243 ] - [ ERROR ]  插入信息与该表字段不符
 2018-09-02 18:44:12  [ main:243 ] - [ ERROR ]  插入信息与该表字段不符
 2018-09-02 18:44:12  [ main:244 ] - [ ERROR ]  插入信息与该表字段不符
 2018-09-02 18:44:12  [ main:244 ] - [ ERROR ]  插入信息与该表字段不符
 2018-09-02 18:44:12  [ main:244 ] - [ ERROR ]  插入信息与该表字段不符
 2018-09-02 18:44:12  [ main:245 ] - [ ERROR ]  插入信息与该表字段不符
 2018-09-02 18:44:12  [ main:245 ] - [ ERROR ]  插入信息与该表字段不符
 2018-09-02 18:44:12  [ main:248 ] - [ ERROR ]  插入信息与该表字段不符
 2018-09-02 18:44:12  [ main:248 ] - [ ERROR ]  插入信息与该表字段不符
 2018-09-02 18:44:12  [ main:248 ] - [ ERROR ]  插入信息与该表字段不符
 2018-09-02 18:44:12  [ main:250 ] - [ ERROR ]  插入信息与该表字段不符
 2018-09-02 18:44:12  [ main:250 ] - [ ERROR ]  插入信息与该表字段不符
 2018-09-02 18:44:12  [ main:250 ] - [ ERROR ]  插入信息与该表字段不符
 2018-09-02 18:44:12  [ main:250 ] - [ ERROR ]  插入信息与该表字段不符
 2018-09-02 18:44:12  [ main:251 ] - [ ERROR ]  插入信息与该表字段不符
 2018-09-02 18:44:12  [ main:251 ] - [ ERROR ]  插入信息与该表字段不符
 2018-09-02 18:44:12  [ main:252 ] - [ ERROR ]  插入信息与该表字段不符
 2018-09-02 18:44:12  [ main:253 ] - [ ERROR ]  插入信息与该表字段不符
 2018-09-02 18:44:12  [ main:253 ] - [ ERROR ]  插入信息与该表字段不符
 2018-09-02 18:44:12  [ main:254 ] - [ ERROR ]  插入信息与该表字段不符
 2018-09-02 18:44:12  [ main:254 ] - [ ERROR ]  插入信息与该表字段不符
 2018-09-02 18:44:12  [ main:254 ] - [ ERROR ]  插入信息与该表字段不符
 2018-09-02 18:44:12  [ main:254 ] - [ ERROR ]  插入信息与该表字段不符
 2018-09-02 18:44:12  [ main:254 ] - [ ERROR ]  插入信息与该表字段不符
 2018-09-02 18:44:12  [ main:254 ] - [ ERROR ]  插入信息与该表字段不符
 2018-09-02 18:44:12  [ main:254 ] - [ ERROR ]  插入信息与该表字段不符
 2018-09-02 18:44:12  [ main:254 ] - [ ERROR ]  插入信息与该表字段不符
 2018-09-02 18:44:12  [ main:255 ] - [ ERROR ]  插入信息与该表字段不符
 2018-09-02 18:44:12  [ main:255 ] - [ ERROR ]  插入信息与该表字段不符
 2018-09-02 18:44:12  [ main:255 ] - [ ERROR ]  插入信息与该表字段不符
 2018-09-02 18:44:12  [ main:255 ] - [ ERROR ]  插入信息与该表字段不符
 2018-09-02 18:44:12  [ main:256 ] - [ ERROR ]  插入信息与该表字段不符
 2018-09-02 18:44:12  [ main:257 ] - [ ERROR ]  插入信息与该表字段不符
 2018-09-02 18:44:12  [ main:257 ] - [ ERROR ]  插入信息与该表字段不符
 2018-09-02 18:44:12  [ main:257 ] - [ ERROR ]  插入信息与该表字段不符
 2018-09-02 18:44:12  [ main:257 ] - [ ERROR ]  插入信息与该表字段不符
 2018-09-02 18:44:12  [ main:259 ] - [ ERROR ]  插入信息与该表字段不符
 2018-09-02 18:44:12  [ main:259 ] - [ ERROR ]  插入信息与该表字段不符
 2018-09-02 18:44:12  [ main:260 ] - [ ERROR ]  插入信息与该表字段不符
 2018-09-02 18:44:12  [ main:260 ] - [ ERROR ]  插入信息与该表字段不符
 2018-09-02 18:44:12  [ main:260 ] - [ ERROR ]  插入信息与该表字段不符
 2018-09-02 18:44:12  [ main:260 ] - [ ERROR ]  插入信息与该表字段不符
 2018-09-02 18:44:12  [ main:260 ] - [ ERROR ]  插入信息与该表字段不符
 2018-09-02 18:44:12  [ main:260 ] - [ ERROR ]  插入信息与该表字段不符
 2018-09-02 18:44:12  [ main:260 ] - [ ERROR ]  插入信息与该表字段不符
 2018-09-02 18:44:12  [ main:260 ] - [ ERROR ]  插入信息与该表字段不符
 2018-09-02 18:44:12  [ main:260 ] - [ ERROR ]  插入信息与该表字段不符
 2018-09-02 18:44:12  [ main:261 ] - [ ERROR ]  插入信息与该表字段不符
 2018-09-02 18:44:12  [ main:261 ] - [ ERROR ]  插入信息与该表字段不符
 2018-09-02 18:44:12  [ main:261 ] - [ ERROR ]  插入信息与该表字段不符
 2018-09-02 18:44:12  [ main:262 ] - [ ERROR ]  插入信息与该表字段不符
 2018-09-02 18:44:12  [ main:262 ] - [ ERROR ]  插入信息与该表字段不符
 2018-09-02 18:44:12  [ main:262 ] - [ ERROR ]  插入信息与该表字段不符
 2018-09-02 18:44:12  [ main:262 ] - [ ERROR ]  插入信息与该表字段不符
 2018-09-02 18:44:12  [ main:262 ] - [ ERROR ]  插入信息与该表字段不符
 2018-09-02 18:44:12  [ main:262 ] - [ ERROR ]  插入信息与该表字段不符
 2018-09-02 18:44:12  [ main:263 ] - [ ERROR ]  插入信息与该表字段不符
 2018-09-02 18:44:12  [ main:263 ] - [ ERROR ]  插入信息与该表字段不符
 2018-09-02 18:44:12  [ main:263 ] - [ ERROR ]  插入信息与该表字段不符
 2018-09-02 18:44:12  [ main:263 ] - [ ERROR ]  插入信息与该表字段不符
 2018-09-02 18:44:12  [ main:263 ] - [ ERROR ]  插入信息与该表字段不符
 2018-09-02 18:44:12  [ main:263 ] - [ ERROR ]  插入信息与该表字段不符
 2018-09-02 18:44:12  [ main:264 ] - [ ERROR ]  插入信息与该表字段不符
 2018-09-02 18:44:12  [ main:264 ] - [ ERROR ]  插入信息与该表字段不符
 2018-09-02 18:44:12  [ main:264 ] - [ ERROR ]  插入信息与该表字段不符
 2018-09-02 18:44:12  [ main:264 ] - [ ERROR ]  插入信息与该表字段不符
 2018-09-02 18:44:12  [ main:264 ] - [ ERROR ]  插入信息与该表字段不符
 2018-09-02 18:44:12  [ main:264 ] - [ ERROR ]  插入信息与该表字段不符
 2018-09-02 18:44:12  [ main:264 ] - [ ERROR ]  插入信息与该表字段不符
 2018-09-02 18:44:12  [ main:264 ] - [ ERROR ]  插入信息与该表字段不符
 2018-09-02 18:44:12  [ main:264 ] - [ ERROR ]  插入信息与该表字段不符
 2018-09-02 18:44:12  [ main:264 ] - [ ERROR ]  插入信息与该表字段不符
 2018-09-02 18:44:12  [ main:265 ] - [ ERROR ]  插入信息与该表字段不符
 2018-09-02 18:44:12  [ main:266 ] - [ ERROR ]  插入信息与该表字段不符
 2018-09-02 18:44:12  [ main:267 ] - [ ERROR ]  插入信息与该表字段不符
 2018-09-02 18:44:12  [ main:268 ] - [ ERROR ]  插入信息与该表字段不符
 2018-09-02 18:44:12  [ main:268 ] - [ ERROR ]  插入信息与该表字段不符
 2018-09-02 18:44:12  [ main:269 ] - [ ERROR ]  插入信息与该表字段不符
 2018-09-02 18:44:12  [ main:269 ] - [ ERROR ]  插入信息与该表字段不符
 2018-09-02 18:44:12  [ main:269 ] - [ ERROR ]  插入信息与该表字段不符
 2018-09-02 18:44:12  [ main:269 ] - [ ERROR ]  插入信息与该表字段不符
 2018-09-02 18:44:12  [ main:270 ] - [ ERROR ]  插入信息与该表字段不符
 2018-09-02 18:44:12  [ main:270 ] - [ ERROR ]  插入信息与该表字段不符
 2018-09-02 18:44:12  [ main:270 ] - [ ERROR ]  插入信息与该表字段不符
 2018-09-02 18:44:12  [ main:270 ] - [ ERROR ]  插入信息与该表字段不符
 2018-09-02 18:44:12  [ main:270 ] - [ ERROR ]  插入信息与该表字段不符
 2018-09-02 18:44:12  [ main:270 ] - [ ERROR ]  插入信息与该表字段不符
 2018-09-02 18:44:12  [ main:271 ] - [ ERROR ]  插入信息与该表字段不符
 2018-09-02 18:44:12  [ main:271 ] - [ ERROR ]  插入信息与该表字段不符
 2018-09-02 18:44:12  [ main:271 ] - [ ERROR ]  插入信息与该表字段不符
 2018-09-02 18:44:12  [ main:271 ] - [ ERROR ]  插入信息与该表字段不符
 2018-09-02 18:44:12  [ main:271 ] - [ ERROR ]  插入信息与该表字段不符
 2018-09-02 18:44:12  [ main:272 ] - [ ERROR ]  插入信息与该表字段不符
 2018-09-02 18:44:12  [ main:272 ] - [ ERROR ]  插入信息与该表字段不符
 2018-09-02 18:44:12  [ main:272 ] - [ ERROR ]  插入信息与该表字段不符
 2018-09-02 18:44:12  [ main:272 ] - [ ERROR ]  插入信息与该表字段不符
 2018-09-02 18:44:12  [ main:272 ] - [ ERROR ]  插入信息与该表字段不符
 2018-09-02 18:44:12  [ main:273 ] - [ ERROR ]  插入信息与该表字段不符
 2018-09-02 18:44:12  [ main:273 ] - [ ERROR ]  插入信息与该表字段不符
 2018-09-02 18:44:12  [ main:273 ] - [ ERROR ]  插入信息与该表字段不符
 2018-09-02 18:44:12  [ main:273 ] - [ ERROR ]  插入信息与该表字段不符
 2018-09-02 18:44:12  [ main:273 ] - [ ERROR ]  插入信息与该表字段不符
 2018-09-02 18:44:12  [ main:273 ] - [ ERROR ]  插入信息与该表字段不符
 2018-09-02 18:44:12  [ main:273 ] - [ ERROR ]  插入信息与该表字段不符
 2018-09-02 18:44:12  [ main:273 ] - [ ERROR ]  插入信息与该表字段不符
 2018-09-02 18:44:12  [ main:273 ] - [ ERROR ]  插入信息与该表字段不符
 2018-09-02 18:44:12  [ main:274 ] - [ ERROR ]  插入信息与该表字段不符
 2018-09-02 18:44:12  [ main:274 ] - [ ERROR ]  插入信息与该表字段不符
 2018-09-02 18:44:12  [ main:274 ] - [ ERROR ]  插入信息与该表字段不符
 2018-09-02 18:44:12  [ main:274 ] - [ ERROR ]  插入信息与该表字段不符
 2018-09-02 18:44:12  [ main:274 ] - [ ERROR ]  插入信息与该表字段不符
 2018-09-02 18:44:12  [ main:274 ] - [ ERROR ]  插入信息与该表字段不符
 2018-09-02 18:44:12  [ main:274 ] - [ ERROR ]  插入信息与该表字段不符
 2018-09-02 18:44:12  [ main:274 ] - [ ERROR ]  插入信息与该表字段不符
 2018-09-02 18:44:12  [ main:274 ] - [ ERROR ]  插入信息与该表字段不符
 2018-09-02 18:44:12  [ main:274 ] - [ ERROR ]  插入信息与该表字段不符
 2018-09-02 18:44:12  [ main:275 ] - [ ERROR ]  插入信息与该表字段不符
 2018-09-02 18:44:12  [ main:275 ] - [ ERROR ]  插入信息与该表字段不符
 2018-09-02 18:44:12  [ main:275 ] - [ ERROR ]  插入信息与该表字段不符
 2018-09-02 18:44:12  [ main:275 ] - [ ERROR ]  插入信息与该表字段不符
 2018-09-02 18:44:12  [ main:275 ] - [ ERROR ]  插入信息与该表字段不符
 2018-09-02 18:44:12  [ main:285 ] - [ ERROR ]  插入信息与该表字段不符
 2018-09-02 18:44:12  [ main:286 ] - [ ERROR ]  插入信息与该表字段不符
 2018-09-02 18:44:12  [ main:286 ] - [ ERROR ]  插入信息与该表字段不符
 2018-09-02 18:44:12  [ main:286 ] - [ ERROR ]  插入信息与该表字段不符
 2018-09-02 18:44:12  [ main:286 ] - [ ERROR ]  插入信息与该表字段不符
 2018-09-02 18:44:12  [ main:287 ] - [ ERROR ]  插入信息与该表字段不符
 2018-09-02 18:44:12  [ main:287 ] - [ ERROR ]  插入信息与该表字段不符
 2018-09-02 18:44:12  [ main:287 ] - [ ERROR ]  插入信息与该表字段不符
 2018-09-02 18:44:12  [ main:288 ] - [ ERROR ]  插入信息与该表字段不符
 2018-09-02 18:44:12  [ main:288 ] - [ ERROR ]  插入信息与该表字段不符
 2018-09-02 18:44:12  [ main:289 ] - [ ERROR ]  插入信息与该表字段不符
 2018-09-02 18:44:12  [ main:289 ] - [ ERROR ]  插入信息与该表字段不符
 2018-09-02 18:44:12  [ main:289 ] - [ ERROR ]  插入信息与该表字段不符
 2018-09-02 18:44:12  [ main:289 ] - [ ERROR ]  插入信息与该表字段不符
 2018-09-02 18:44:12  [ main:290 ] - [ ERROR ]  插入信息与该表字段不符
 2018-09-02 18:44:12  [ main:290 ] - [ ERROR ]  插入信息与该表字段不符
 2018-09-02 18:44:12  [ main:290 ] - [ ERROR ]  插入信息与该表字段不符
 2018-09-02 18:44:12  [ main:290 ] - [ ERROR ]  插入信息与该表字段不符
 2018-09-02 18:44:12  [ main:290 ] - [ ERROR ]  插入信息与该表字段不符
 2018-09-02 18:44:12  [ main:291 ] - [ ERROR ]  插入信息与该表字段不符
 2018-09-02 18:44:12  [ main:291 ] - [ ERROR ]  插入信息与该表字段不符
 2018-09-02 18:44:12  [ main:291 ] - [ ERROR ]  插入信息与该表字段不符
 2018-09-02 18:44:12  [ main:291 ] - [ ERROR ]  插入信息与该表字段不符
 2018-09-02 18:44:12  [ main:292 ] - [ ERROR ]  插入信息与该表字段不符
 2018-09-02 18:44:12  [ main:292 ] - [ ERROR ]  插入信息与该表字段不符
 2018-09-02 18:44:12  [ main:292 ] - [ ERROR ]  插入信息与该表字段不符
 2018-09-02 18:44:12  [ main:292 ] - [ ERROR ]  插入信息与该表字段不符
 2018-09-02 18:44:12  [ main:293 ] - [ ERROR ]  插入信息与该表字段不符
 2018-09-02 18:44:12  [ main:293 ] - [ ERROR ]  插入信息与该表字段不符
 2018-09-02 18:44:12  [ main:293 ] - [ ERROR ]  插入信息与该表字段不符
 2018-09-02 18:44:12  [ main:293 ] - [ ERROR ]  插入信息与该表字段不符
 2018-09-02 18:44:12  [ main:293 ] - [ ERROR ]  插入信息与该表字段不符
 2018-09-02 18:44:12  [ main:293 ] - [ ERROR ]  插入信息与该表字段不符
 2018-09-02 18:44:12  [ main:294 ] - [ ERROR ]  插入信息与该表字段不符
 2018-09-02 18:44:12  [ main:294 ] - [ ERROR ]  插入信息与该表字段不符
 2018-09-02 18:44:12  [ main:294 ] - [ ERROR ]  插入信息与该表字段不符
 2018-09-02 18:44:12  [ main:294 ] - [ ERROR ]  插入信息与该表字段不符
 2018-09-02 18:44:12  [ main:295 ] - [ ERROR ]  插入信息与该表字段不符
 2018-09-02 18:44:12  [ main:295 ] - [ ERROR ]  插入信息与该表字段不符
 2018-09-02 18:44:12  [ main:295 ] - [ ERROR ]  插入信息与该表字段不符
 2018-09-02 18:44:12  [ main:295 ] - [ ERROR ]  插入信息与该表字段不符
 2018-09-02 18:44:12  [ main:295 ] - [ ERROR ]  插入信息与该表字段不符
 2018-09-02 18:44:12  [ main:295 ] - [ ERROR ]  插入信息与该表字段不符
 2018-09-02 18:44:12  [ main:296 ] - [ ERROR ]  插入信息与该表字段不符
 2018-09-02 18:44:12  [ main:299 ] - [ ERROR ]  插入信息与该表字段不符
 2018-09-02 18:44:12  [ main:300 ] - [ ERROR ]  插入信息与该表字段不符
 2018-09-02 18:44:12  [ main:300 ] - [ ERROR ]  插入信息与该表字段不符
 2018-09-02 18:44:12  [ main:301 ] - [ ERROR ]  插入信息与该表字段不符
 2018-09-02 18:44:12  [ main:301 ] - [ ERROR ]  插入信息与该表字段不符
 2018-09-02 18:44:12  [ main:301 ] - [ ERROR ]  插入信息与该表字段不符
 2018-09-02 18:44:12  [ main:301 ] - [ ERROR ]  插入信息与该表字段不符
 2018-09-02 18:44:12  [ main:301 ] - [ ERROR ]  插入信息与该表字段不符
 2018-09-02 18:44:12  [ main:301 ] - [ ERROR ]  插入信息与该表字段不符
 2018-09-02 18:44:12  [ main:301 ] - [ ERROR ]  插入信息与该表字段不符
 2018-09-02 18:44:12  [ main:301 ] - [ ERROR ]  插入信息与该表字段不符
 2018-09-02 18:44:12  [ main:302 ] - [ ERROR ]  插入信息与该表字段不符
 2018-09-02 18:44:12  [ main:302 ] - [ ERROR ]  插入信息与该表字段不符
 2018-09-02 18:44:12  [ main:302 ] - [ ERROR ]  插入信息与该表字段不符
 2018-09-02 18:44:12  [ main:302 ] - [ ERROR ]  插入信息与该表字段不符
 2018-09-02 18:44:12  [ main:303 ] - [ ERROR ]  插入信息与该表字段不符
 2018-09-02 18:44:12  [ main:303 ] - [ ERROR ]  插入信息与该表字段不符
 2018-09-02 18:44:12  [ main:303 ] - [ ERROR ]  插入信息与该表字段不符
 2018-09-02 18:44:12  [ main:303 ] - [ ERROR ]  插入信息与该表字段不符
 2018-09-02 18:44:12  [ main:303 ] - [ ERROR ]  插入信息与该表字段不符
 2018-09-02 18:44:12  [ main:303 ] - [ ERROR ]  插入信息与该表字段不符
 2018-09-02 18:44:12  [ main:303 ] - [ ERROR ]  插入信息与该表字段不符
 2018-09-02 18:44:12  [ main:303 ] - [ ERROR ]  插入信息与该表字段不符
 2018-09-02 18:44:12  [ main:304 ] - [ ERROR ]  插入信息与该表字段不符
 2018-09-02 18:44:12  [ main:304 ] - [ ERROR ]  插入信息与该表字段不符
 2018-09-02 18:44:12  [ main:304 ] - [ ERROR ]  插入信息与该表字段不符
 2018-09-02 18:44:12  [ main:304 ] - [ ERROR ]  插入信息与该表字段不符
 2018-09-02 18:44:12  [ main:304 ] - [ ERROR ]  插入信息与该表字段不符
 2018-09-02 18:44:12  [ main:304 ] - [ ERROR ]  插入信息与该表字段不符
 2018-09-02 18:44:12  [ main:304 ] - [ ERROR ]  插入信息与该表字段不符
 2018-09-02 18:44:12  [ main:305 ] - [ ERROR ]  插入信息与该表字段不符
 2018-09-02 18:44:12  [ main:305 ] - [ ERROR ]  插入信息与该表字段不符
 2018-09-02 18:44:12  [ main:305 ] - [ ERROR ]  插入信息与该表字段不符
 2018-09-02 18:44:12  [ main:305 ] - [ ERROR ]  插入信息与该表字段不符
 2018-09-02 18:44:12  [ main:305 ] - [ ERROR ]  插入信息与该表字段不符
 2018-09-02 18:44:12  [ main:305 ] - [ ERROR ]  插入信息与该表字段不符
 2018-09-02 18:44:12  [ main:305 ] - [ ERROR ]  插入信息与该表字段不符
 2018-09-02 18:44:12  [ main:305 ] - [ ERROR ]  插入信息与该表字段不符
 2018-09-02 18:44:12  [ main:305 ] - [ ERROR ]  插入信息与该表字段不符
 2018-09-02 18:44:12  [ main:305 ] - [ ERROR ]  插入信息与该表字段不符
 2018-09-02 18:44:12  [ main:305 ] - [ ERROR ]  插入信息与该表字段不符
 2018-09-02 18:44:12  [ main:306 ] - [ ERROR ]  插入信息与该表字段不符
 2018-09-02 18:44:12  [ main:306 ] - [ ERROR ]  插入信息与该表字段不符
 2018-09-02 18:44:12  [ main:306 ] - [ ERROR ]  插入信息与该表字段不符
 2018-09-02 18:44:12  [ main:306 ] - [ ERROR ]  插入信息与该表字段不符
 2018-09-02 18:44:12  [ main:306 ] - [ ERROR ]  插入信息与该表字段不符
 2018-09-02 18:44:12  [ main:306 ] - [ ERROR ]  插入信息与该表字段不符
 2018-09-02 18:44:12  [ main:306 ] - [ ERROR ]  插入信息与该表字段不符
 2018-09-02 18:44:12  [ main:306 ] - [ ERROR ]  插入信息与该表字段不符
 2018-09-02 18:44:12  [ main:306 ] - [ ERROR ]  插入信息与该表字段不符
 2018-09-02 18:44:12  [ main:307 ] - [ ERROR ]  插入信息与该表字段不符
 2018-09-02 18:44:12  [ main:307 ] - [ ERROR ]  插入信息与该表字段不符
 2018-09-02 18:44:12  [ main:307 ] - [ ERROR ]  插入信息与该表字段不符
 2018-09-02 18:44:12  [ main:307 ] - [ ERROR ]  插入信息与该表字段不符
 2018-09-02 18:44:12  [ main:307 ] - [ ERROR ]  插入信息与该表字段不符
 2018-09-02 18:44:12  [ main:307 ] - [ ERROR ]  插入信息与该表字段不符
 2018-09-02 18:44:12  [ main:307 ] - [ ERROR ]  插入信息与该表字段不符
 2018-09-02 18:44:12  [ main:308 ] - [ ERROR ]  插入信息与该表字段不符
 2018-09-02 18:44:12  [ main:308 ] - [ ERROR ]  插入信息与该表字段不符
 2018-09-02 18:44:12  [ main:308 ] - [ ERROR ]  插入信息与该表字段不符
 2018-09-02 18:44:12  [ main:308 ] - [ ERROR ]  插入信息与该表字段不符
 2018-09-02 18:44:12  [ main:308 ] - [ ERROR ]  插入信息与该表字段不符
 2018-09-02 18:44:12  [ main:308 ] - [ ERROR ]  插入信息与该表字段不符
 2018-09-02 18:44:12  [ main:308 ] - [ ERROR ]  插入信息与该表字段不符
 2018-09-02 18:44:12  [ main:308 ] - [ ERROR ]  插入信息与该表字段不符
 2018-09-02 18:44:12  [ main:308 ] - [ ERROR ]  插入信息与该表字段不符
 2018-09-02 18:44:12  [ main:308 ] - [ ERROR ]  插入信息与该表字段不符
 2018-09-02 18:44:12  [ main:309 ] - [ ERROR ]  插入信息与该表字段不符
 2018-09-02 18:44:12  [ main:309 ] - [ ERROR ]  插入信息与该表字段不符
 2018-09-02 18:44:12  [ main:309 ] - [ ERROR ]  插入信息与该表字段不符
 2018-09-02 18:44:12  [ main:310 ] - [ ERROR ]  插入信息与该表字段不符
 2018-09-02 18:44:12  [ main:310 ] - [ ERROR ]  插入信息与该表字段不符
 2018-09-02 18:44:12  [ main:310 ] - [ ERROR ]  插入信息与该表字段不符
 2018-09-02 18:44:12  [ main:310 ] - [ ERROR ]  插入信息与该表字段不符
 2018-09-02 18:44:12  [ main:310 ] - [ ERROR ]  插入信息与该表字段不符
 2018-09-02 18:44:12  [ main:310 ] - [ ERROR ]  插入信息与该表字段不符
 2018-09-02 18:44:12  [ main:311 ] - [ ERROR ]  插入信息与该表字段不符
 2018-09-02 18:44:12  [ main:311 ] - [ ERROR ]  插入信息与该表字段不符
 2018-09-02 18:44:12  [ main:311 ] - [ ERROR ]  插入信息与该表字段不符
 2018-09-02 18:44:12  [ main:311 ] - [ ERROR ]  插入信息与该表字段不符
 2018-09-02 18:44:12  [ main:312 ] - [ ERROR ]  插入信息与该表字段不符
 2018-09-02 18:44:12  [ main:312 ] - [ ERROR ]  插入信息与该表字段不符
 2018-09-02 18:44:12  [ main:312 ] - [ ERROR ]  插入信息与该表字段不符
 2018-09-02 18:44:12  [ main:312 ] - [ ERROR ]  插入信息与该表字段不符
 2018-09-02 18:44:12  [ main:312 ] - [ ERROR ]  插入信息与该表字段不符
 2018-09-02 18:44:12  [ main:312 ] - [ ERROR ]  插入信息与该表字段不符
 2018-09-02 18:44:12  [ main:313 ] - [ ERROR ]  插入信息与该表字段不符
 2018-09-02 18:44:12  [ main:313 ] - [ ERROR ]  插入信息与该表字段不符
 2018-09-02 18:44:12  [ main:313 ] - [ ERROR ]  插入信息与该表字段不符
 2018-09-02 18:44:12  [ main:313 ] - [ ERROR ]  插入信息与该表字段不符
 2018-09-02 18:44:12  [ main:313 ] - [ ERROR ]  插入信息与该表字段不符
 2018-09-02 18:44:12  [ main:313 ] - [ ERROR ]  插入信息与该表字段不符
 2018-09-02 18:44:12  [ main:314 ] - [ ERROR ]  插入信息与该表字段不符
 2018-09-02 18:44:12  [ main:314 ] - [ ERROR ]  插入信息与该表字段不符
 2018-09-02 18:44:12  [ main:314 ] - [ ERROR ]  插入信息与该表字段不符
 2018-09-02 18:44:12  [ main:314 ] - [ ERROR ]  插入信息与该表字段不符
 2018-09-02 18:44:12  [ main:314 ] - [ ERROR ]  插入信息与该表字段不符
 2018-09-02 18:44:12  [ main:314 ] - [ ERROR ]  插入信息与该表字段不符
 2018-09-02 18:44:12  [ main:315 ] - [ ERROR ]  插入信息与该表字段不符
 2018-09-02 18:44:12  [ main:315 ] - [ ERROR ]  插入信息与该表字段不符
 2018-09-02 18:44:12  [ main:315 ] - [ ERROR ]  插入信息与该表字段不符
 2018-09-02 18:44:12  [ main:315 ] - [ ERROR ]  插入信息与该表字段不符
 2018-09-02 18:44:12  [ main:315 ] - [ ERROR ]  插入信息与该表字段不符
 2018-09-02 18:44:12  [ main:315 ] - [ ERROR ]  插入信息与该表字段不符
 2018-09-02 18:44:12  [ main:315 ] - [ ERROR ]  插入信息与该表字段不符
 2018-09-02 18:44:12  [ main:316 ] - [ ERROR ]  插入信息与该表字段不符
 2018-09-02 18:44:12  [ main:316 ] - [ ERROR ]  插入信息与该表字段不符
 2018-09-02 18:44:12  [ main:316 ] - [ ERROR ]  插入信息与该表字段不符
 2018-09-02 18:44:12  [ main:317 ] - [ ERROR ]  插入信息与该表字段不符
 2018-09-02 18:44:12  [ main:317 ] - [ ERROR ]  插入信息与该表字段不符
 2018-09-02 18:44:12  [ main:317 ] - [ ERROR ]  插入信息与该表字段不符
 2018-09-02 18:44:12  [ main:318 ] - [ ERROR ]  插入信息与该表字段不符
 2018-09-02 18:44:12  [ main:319 ] - [ ERROR ]  插入信息与该表字段不符
 2018-09-02 18:44:12  [ main:319 ] - [ ERROR ]  插入信息与该表字段不符
 2018-09-02 18:44:12  [ main:319 ] - [ ERROR ]  插入信息与该表字段不符
 2018-09-02 18:44:12  [ main:320 ] - [ ERROR ]  插入信息与该表字段不符
 2018-09-02 18:44:12  [ main:320 ] - [ ERROR ]  插入信息与该表字段不符
 2018-09-02 18:44:12  [ main:320 ] - [ ERROR ]  插入信息与该表字段不符
 2018-09-02 18:44:12  [ main:320 ] - [ ERROR ]  插入信息与该表字段不符
 2018-09-02 18:44:12  [ main:320 ] - [ ERROR ]  插入信息与该表字段不符
 2018-09-02 18:44:12  [ main:321 ] - [ ERROR ]  插入信息与该表字段不符
 2018-09-02 18:44:12  [ main:321 ] - [ ERROR ]  插入信息与该表字段不符
 2018-09-02 18:44:12  [ main:321 ] - [ ERROR ]  插入信息与该表字段不符
 2018-09-02 18:44:12  [ main:321 ] - [ ERROR ]  插入信息与该表字段不符
 2018-09-02 18:44:12  [ main:321 ] - [ ERROR ]  插入信息与该表字段不符
 2018-09-02 18:44:12  [ main:321 ] - [ ERROR ]  插入信息与该表字段不符
 2018-09-02 18:44:12  [ main:322 ] - [ ERROR ]  插入信息与该表字段不符
 2018-09-02 18:44:12  [ main:322 ] - [ ERROR ]  插入信息与该表字段不符
 2018-09-02 18:44:12  [ main:322 ] - [ ERROR ]  插入信息与该表字段不符
 2018-09-02 18:44:12  [ main:322 ] - [ ERROR ]  插入信息与该表字段不符
 2018-09-02 18:44:12  [ main:323 ] - [ ERROR ]  插入信息与该表字段不符
 2018-09-02 18:44:12  [ main:323 ] - [ ERROR ]  插入信息与该表字段不符
 2018-09-02 18:44:12  [ main:324 ] - [ ERROR ]  插入信息与该表字段不符
 2018-09-02 18:44:12  [ main:324 ] - [ ERROR ]  插入信息与该表字段不符
 2018-09-02 18:44:12  [ main:324 ] - [ ERROR ]  插入信息与该表字段不符
 2018-09-02 18:44:12  [ main:324 ] - [ ERROR ]  插入信息与该表字段不符
 2018-09-02 18:44:12  [ main:324 ] - [ ERROR ]  插入信息与该表字段不符
 2018-09-02 18:44:12  [ main:324 ] - [ ERROR ]  插入信息与该表字段不符
 2018-09-02 18:44:12  [ main:325 ] - [ ERROR ]  插入信息与该表字段不符
 2018-09-02 18:44:12  [ main:325 ] - [ ERROR ]  插入信息与该表字段不符
 2018-09-02 18:44:12  [ main:327 ] - [ ERROR ]  插入信息与该表字段不符
 2018-09-02 18:44:12  [ main:327 ] - [ ERROR ]  插入信息与该表字段不符
 2018-09-02 18:44:12  [ main:327 ] - [ ERROR ]  插入信息与该表字段不符
 2018-09-02 18:44:12  [ main:327 ] - [ ERROR ]  插入信息与该表字段不符
 2018-09-02 18:44:12  [ main:327 ] - [ ERROR ]  插入信息与该表字段不符
 2018-09-02 18:44:12  [ main:327 ] - [ ERROR ]  插入信息与该表字段不符
 2018-09-02 18:44:12  [ main:327 ] - [ ERROR ]  插入信息与该表字段不符
 2018-09-02 18:44:12  [ main:327 ] - [ ERROR ]  插入信息与该表字段不符
 2018-09-02 18:44:12  [ main:327 ] - [ ERROR ]  插入信息与该表字段不符
 2018-09-02 18:44:12  [ main:328 ] - [ ERROR ]  插入信息与该表字段不符
 2018-09-02 18:44:12  [ main:328 ] - [ ERROR ]  插入信息与该表字段不符
 2018-09-02 18:44:12  [ main:328 ] - [ ERROR ]  插入信息与该表字段不符
 2018-09-02 18:44:12  [ main:328 ] - [ ERROR ]  插入信息与该表字段不符
 2018-09-02 18:44:12  [ main:328 ] - [ ERROR ]  插入信息与该表字段不符
 2018-09-02 18:44:12  [ main:329 ] - [ ERROR ]  插入信息与该表字段不符
 2018-09-02 18:44:12  [ main:329 ] - [ ERROR ]  插入信息与该表字段不符
 2018-09-02 18:44:12  [ main:329 ] - [ ERROR ]  插入信息与该表字段不符
 2018-09-02 18:44:12  [ main:329 ] - [ ERROR ]  插入信息与该表字段不符
 2018-09-02 18:44:12  [ main:329 ] - [ ERROR ]  插入信息与该表字段不符
 2018-09-02 18:44:12  [ main:329 ] - [ ERROR ]  插入信息与该表字段不符
 2018-09-02 18:44:12  [ main:386 ] - [ ERROR ]  插入信息与该表字段不符
 2018-09-02 18:44:12  [ main:386 ] - [ ERROR ]  插入信息与该表字段不符
 2018-09-02 18:44:12  [ main:387 ] - [ ERROR ]  插入信息与该表字段不符
 2018-09-02 18:44:12  [ main:387 ] - [ ERROR ]  插入信息与该表字段不符
 2018-09-02 18:44:12  [ main:387 ] - [ ERROR ]  插入信息与该表字段不符
 2018-09-02 18:44:12  [ main:387 ] - [ ERROR ]  插入信息与该表字段不符
 2018-09-02 18:44:12  [ main:387 ] - [ ERROR ]  插入信息与该表字段不符
 2018-09-02 18:44:12  [ main:387 ] - [ ERROR ]  插入信息与该表字段不符
 2018-09-02 18:44:12  [ main:387 ] - [ ERROR ]  插入信息与该表字段不符
 2018-09-02 18:44:12  [ main:387 ] - [ ERROR ]  插入信息与该表字段不符
 2018-09-02 18:44:12  [ main:387 ] - [ ERROR ]  插入信息与该表字段不符
 2018-09-02 18:44:12  [ main:388 ] - [ ERROR ]  插入信息与该表字段不符
 2018-09-02 18:44:12  [ main:388 ] - [ ERROR ]  插入信息与该表字段不符
 2018-09-02 18:44:12  [ main:388 ] - [ ERROR ]  插入信息与该表字段不符
 2018-09-02 18:44:12  [ main:388 ] - [ ERROR ]  插入信息与该表字段不符
 2018-09-02 18:44:12  [ main:388 ] - [ ERROR ]  插入信息与该表字段不符
 2018-09-02 18:44:12  [ main:388 ] - [ ERROR ]  插入信息与该表字段不符
 2018-09-02 18:44:12  [ main:388 ] - [ ERROR ]  插入信息与该表字段不符
 2018-09-02 18:44:12  [ main:389 ] - [ ERROR ]  插入信息与该表字段不符
 2018-09-02 18:44:12  [ main:389 ] - [ ERROR ]  插入信息与该表字段不符
 2018-09-02 18:44:12  [ main:389 ] - [ ERROR ]  插入信息与该表字段不符
 2018-09-02 18:44:12  [ main:389 ] - [ ERROR ]  插入信息与该表字段不符
 2018-09-02 18:44:12  [ main:389 ] - [ ERROR ]  插入信息与该表字段不符
 2018-09-02 18:44:12  [ main:389 ] - [ ERROR ]  插入信息与该表字段不符
 2018-09-02 18:44:12  [ main:389 ] - [ ERROR ]  插入信息与该表字段不符
 2018-09-02 18:44:12  [ main:389 ] - [ ERROR ]  插入信息与该表字段不符
 2018-09-02 18:44:12  [ main:390 ] - [ ERROR ]  插入信息与该表字段不符
 2018-09-02 18:44:12  [ main:390 ] - [ ERROR ]  插入信息与该表字段不符
 2018-09-02 18:44:12  [ main:390 ] - [ ERROR ]  插入信息与该表字段不符
 2018-09-02 18:44:12  [ main:390 ] - [ ERROR ]  插入信息与该表字段不符
 2018-09-02 18:44:12  [ main:390 ] - [ ERROR ]  插入信息与该表字段不符
 2018-09-02 18:44:12  [ main:390 ] - [ ERROR ]  插入信息与该表字段不符
 2018-09-02 18:44:12  [ main:390 ] - [ ERROR ]  插入信息与该表字段不符
 2018-09-02 18:44:12  [ main:390 ] - [ ERROR ]  插入信息与该表字段不符
 2018-09-02 18:44:12  [ main:390 ] - [ ERROR ]  插入信息与该表字段不符
 2018-09-02 18:44:12  [ main:391 ] - [ ERROR ]  插入信息与该表字段不符
 2018-09-02 18:44:12  [ main:391 ] - [ ERROR ]  插入信息与该表字段不符
 2018-09-02 18:44:12  [ main:391 ] - [ ERROR ]  插入信息与该表字段不符
 2018-09-02 18:44:12  [ main:391 ] - [ ERROR ]  插入信息与该表字段不符
 2018-09-02 18:44:12  [ main:391 ] - [ ERROR ]  插入信息与该表字段不符
 2018-09-02 18:44:12  [ main:391 ] - [ ERROR ]  插入信息与该表字段不符
 2018-09-02 18:44:12  [ main:391 ] - [ ERROR ]  插入信息与该表字段不符
 2018-09-02 18:44:12  [ main:391 ] - [ ERROR ]  插入信息与该表字段不符
 2018-09-02 18:44:12  [ main:391 ] - [ ERROR ]  插入信息与该表字段不符
 2018-09-02 18:44:12  [ main:392 ] - [ ERROR ]  插入信息与该表字段不符
 2018-09-02 18:44:12  [ main:392 ] - [ ERROR ]  插入信息与该表字段不符
 2018-09-02 18:44:12  [ main:392 ] - [ ERROR ]  插入信息与该表字段不符
 2018-09-02 18:44:12  [ main:392 ] - [ ERROR ]  插入信息与该表字段不符
 2018-09-02 18:44:12  [ main:392 ] - [ ERROR ]  插入信息与该表字段不符
 2018-09-02 18:44:12  [ main:392 ] - [ ERROR ]  插入信息与该表字段不符
 2018-09-02 18:44:12  [ main:392 ] - [ ERROR ]  插入信息与该表字段不符
 2018-09-02 18:44:12  [ main:393 ] - [ ERROR ]  插入信息与该表字段不符
 2018-09-02 18:44:12  [ main:393 ] - [ ERROR ]  插入信息与该表字段不符
 2018-09-02 18:44:12  [ main:393 ] - [ ERROR ]  插入信息与该表字段不符
 2018-09-02 18:44:12  [ main:393 ] - [ ERROR ]  插入信息与该表字段不符
 2018-09-02 18:44:12  [ main:393 ] - [ ERROR ]  插入信息与该表字段不符
 2018-09-02 18:44:12  [ main:393 ] - [ ERROR ]  插入信息与该表字段不符
 2018-09-02 18:44:12  [ main:393 ] - [ ERROR ]  插入信息与该表字段不符
 2018-09-02 18:44:12  [ main:393 ] - [ ERROR ]  插入信息与该表字段不符
 2018-09-02 18:44:12  [ main:393 ] - [ ERROR ]  插入信息与该表字段不符
 2018-09-02 18:44:12  [ main:394 ] - [ ERROR ]  插入信息与该表字段不符
 2018-09-02 18:44:12  [ main:394 ] - [ ERROR ]  插入信息与该表字段不符
 2018-09-02 18:44:12  [ main:394 ] - [ ERROR ]  插入信息与该表字段不符
 2018-09-02 18:44:12  [ main:394 ] - [ ERROR ]  插入信息与该表字段不符
 2018-09-02 18:44:12  [ main:394 ] - [ ERROR ]  插入信息与该表字段不符
 2018-09-02 18:44:12  [ main:394 ] - [ ERROR ]  插入信息与该表字段不符
 2018-09-02 18:44:12  [ main:395 ] - [ ERROR ]  插入信息与该表字段不符
 2018-09-02 18:44:12  [ main:395 ] - [ ERROR ]  插入信息与该表字段不符
 2018-09-02 18:44:12  [ main:395 ] - [ ERROR ]  插入信息与该表字段不符
 2018-09-02 18:44:12  [ main:395 ] - [ ERROR ]  插入信息与该表字段不符
 2018-09-02 18:44:12  [ main:395 ] - [ ERROR ]  插入信息与该表字段不符
 2018-09-02 18:44:12  [ main:395 ] - [ ERROR ]  插入信息与该表字段不符
 2018-09-02 18:44:12  [ main:395 ] - [ ERROR ]  插入信息与该表字段不符
 2018-09-02 18:44:12  [ main:395 ] - [ ERROR ]  插入信息与该表字段不符
 2018-09-02 18:44:12  [ main:396 ] - [ ERROR ]  插入信息与该表字段不符
 2018-09-02 18:44:12  [ main:396 ] - [ ERROR ]  插入信息与该表字段不符
 2018-09-02 18:44:12  [ main:396 ] - [ ERROR ]  插入信息与该表字段不符
 2018-09-02 18:44:12  [ main:396 ] - [ ERROR ]  插入信息与该表字段不符
 2018-09-02 18:44:12  [ main:396 ] - [ ERROR ]  插入信息与该表字段不符
 2018-09-02 18:44:12  [ main:396 ] - [ ERROR ]  插入信息与该表字段不符
 2018-09-02 18:44:12  [ main:396 ] - [ ERROR ]  插入信息与该表字段不符
 2018-09-02 18:44:12  [ main:396 ] - [ ERROR ]  插入信息与该表字段不符
 2018-09-02 18:44:12  [ main:397 ] - [ ERROR ]  插入信息与该表字段不符
 2018-09-02 18:44:12  [ main:397 ] - [ ERROR ]  插入信息与该表字段不符
 2018-09-02 18:44:12  [ main:397 ] - [ ERROR ]  插入信息与该表字段不符
 2018-09-02 18:44:12  [ main:397 ] - [ ERROR ]  插入信息与该表字段不符
 2018-09-02 18:44:12  [ main:397 ] - [ ERROR ]  插入信息与该表字段不符
 2018-09-02 18:44:12  [ main:397 ] - [ ERROR ]  插入信息与该表字段不符
 2018-09-02 18:44:12  [ main:397 ] - [ ERROR ]  插入信息与该表字段不符
 2018-09-02 18:44:12  [ main:397 ] - [ ERROR ]  插入信息与该表字段不符
 2018-09-02 18:44:12  [ main:397 ] - [ ERROR ]  插入信息与该表字段不符
 2018-09-02 18:44:12  [ main:397 ] - [ ERROR ]  插入信息与该表字段不符
 2018-09-02 18:44:12  [ main:397 ] - [ ERROR ]  插入信息与该表字段不符
 2018-09-02 18:44:12  [ main:397 ] - [ ERROR ]  插入信息与该表字段不符
 2018-09-02 18:44:12  [ main:398 ] - [ ERROR ]  插入信息与该表字段不符
 2018-09-02 18:44:12  [ main:398 ] - [ ERROR ]  插入信息与该表字段不符
 2018-09-02 18:44:12  [ main:398 ] - [ ERROR ]  插入信息与该表字段不符
 2018-09-02 18:44:12  [ main:398 ] - [ ERROR ]  插入信息与该表字段不符
 2018-09-02 18:44:12  [ main:398 ] - [ ERROR ]  插入信息与该表字段不符
 2018-09-02 18:44:12  [ main:398 ] - [ ERROR ]  插入信息与该表字段不符
 2018-09-02 18:44:12  [ main:398 ] - [ ERROR ]  插入信息与该表字段不符
 2018-09-02 18:44:12  [ main:398 ] - [ ERROR ]  插入信息与该表字段不符
 2018-09-02 18:44:12  [ main:399 ] - [ ERROR ]  插入信息与该表字段不符
 2018-09-02 18:44:12  [ main:399 ] - [ ERROR ]  插入信息与该表字段不符
 2018-09-02 18:44:12  [ main:399 ] - [ ERROR ]  插入信息与该表字段不符
 2018-09-02 18:44:12  [ main:399 ] - [ ERROR ]  插入信息与该表字段不符
 2018-09-02 18:44:12  [ main:399 ] - [ ERROR ]  插入信息与该表字段不符
 2018-09-02 18:44:12  [ main:399 ] - [ ERROR ]  插入信息与该表字段不符
 2018-09-02 18:44:12  [ main:399 ] - [ ERROR ]  插入信息与该表字段不符
 2018-09-02 18:44:12  [ main:399 ] - [ ERROR ]  插入信息与该表字段不符
 2018-09-02 18:44:12  [ main:399 ] - [ ERROR ]  插入信息与该表字段不符
 2018-09-02 18:44:12  [ main:400 ] - [ ERROR ]  插入信息与该表字段不符
 2018-09-02 18:44:12  [ main:400 ] - [ ERROR ]  插入信息与该表字段不符
 2018-09-02 18:44:12  [ main:400 ] - [ ERROR ]  插入信息与该表字段不符
 2018-09-02 18:44:12  [ main:400 ] - [ ERROR ]  插入信息与该表字段不符
 2018-09-02 18:44:12  [ main:400 ] - [ ERROR ]  插入信息与该表字段不符
 2018-09-02 18:44:12  [ main:400 ] - [ ERROR ]  插入信息与该表字段不符
 2018-09-02 18:44:12  [ main:400 ] - [ ERROR ]  插入信息与该表字段不符
 2018-09-02 18:44:12  [ main:400 ] - [ ERROR ]  插入信息与该表字段不符
 2018-09-02 18:44:12  [ main:401 ] - [ ERROR ]  插入信息与该表字段不符
 2018-09-02 18:44:12  [ main:401 ] - [ ERROR ]  插入信息与该表字段不符
 2018-09-02 18:44:12  [ main:401 ] - [ ERROR ]  插入信息与该表字段不符
 2018-09-02 18:44:12  [ main:401 ] - [ ERROR ]  插入信息与该表字段不符
 2018-09-02 18:44:12  [ main:401 ] - [ ERROR ]  插入信息与该表字段不符
 2018-09-02 18:44:12  [ main:401 ] - [ ERROR ]  插入信息与该表字段不符
 2018-09-02 18:44:12  [ main:401 ] - [ ERROR ]  插入信息与该表字段不符
 2018-09-02 18:44:12  [ main:401 ] - [ ERROR ]  插入信息与该表字段不符
 2018-09-02 18:44:12  [ main:402 ] - [ ERROR ]  插入信息与该表字段不符
 2018-09-02 18:44:12  [ main:402 ] - [ ERROR ]  插入信息与该表字段不符
 2018-09-02 18:44:12  [ main:402 ] - [ ERROR ]  插入信息与该表字段不符
 2018-09-02 18:44:12  [ main:402 ] - [ ERROR ]  插入信息与该表字段不符
 2018-09-02 18:44:12  [ main:402 ] - [ ERROR ]  插入信息与该表字段不符
 2018-09-02 18:44:12  [ main:402 ] - [ ERROR ]  插入信息与该表字段不符
 2018-09-02 18:44:12  [ main:402 ] - [ ERROR ]  插入信息与该表字段不符
 2018-09-02 18:44:12  [ main:403 ] - [ ERROR ]  插入信息与该表字段不符
 2018-09-02 18:44:12  [ main:403 ] - [ ERROR ]  插入信息与该表字段不符
 2018-09-02 18:44:12  [ main:403 ] - [ ERROR ]  插入信息与该表字段不符
 2018-09-02 18:44:12  [ main:403 ] - [ ERROR ]  插入信息与该表字段不符
 2018-09-02 18:44:12  [ main:404 ] - [ ERROR ]  插入信息与该表字段不符
 2018-09-02 18:44:12  [ main:404 ] - [ ERROR ]  插入信息与该表字段不符
 2018-09-02 18:44:12  [ main:404 ] - [ ERROR ]  插入信息与该表字段不符
 2018-09-02 18:44:12  [ main:404 ] - [ ERROR ]  插入信息与该表字段不符
 2018-09-02 18:44:12  [ main:404 ] - [ ERROR ]  插入信息与该表字段不符
 2018-09-02 18:44:12  [ main:404 ] - [ ERROR ]  插入信息与该表字段不符
 2018-09-02 18:44:12  [ main:405 ] - [ ERROR ]  插入信息与该表字段不符
 2018-09-02 18:44:12  [ main:405 ] - [ ERROR ]  插入信息与该表字段不符
 2018-09-02 18:44:12  [ main:405 ] - [ ERROR ]  插入信息与该表字段不符
 2018-09-02 18:44:12  [ main:405 ] - [ ERROR ]  插入信息与该表字段不符
 2018-09-02 18:44:12  [ main:405 ] - [ ERROR ]  插入信息与该表字段不符
 2018-09-02 18:44:12  [ main:405 ] - [ ERROR ]  插入信息与该表字段不符
 2018-09-02 18:44:12  [ main:405 ] - [ ERROR ]  插入信息与该表字段不符
 2018-09-02 18:44:12  [ main:406 ] - [ ERROR ]  插入信息与该表字段不符
 2018-09-02 18:44:12  [ main:406 ] - [ ERROR ]  插入信息与该表字段不符
 2018-09-02 18:44:12  [ main:406 ] - [ ERROR ]  插入信息与该表字段不符
 2018-09-02 18:44:12  [ main:406 ] - [ ERROR ]  插入信息与该表字段不符
 2018-09-02 18:44:12  [ main:406 ] - [ ERROR ]  插入信息与该表字段不符
 2018-09-02 18:44:12  [ main:406 ] - [ ERROR ]  插入信息与该表字段不符
 2018-09-02 18:44:12  [ main:407 ] - [ ERROR ]  插入信息与该表字段不符
 2018-09-02 18:44:12  [ main:407 ] - [ ERROR ]  插入信息与该表字段不符
 2018-09-02 18:44:12  [ main:407 ] - [ ERROR ]  插入信息与该表字段不符
 2018-09-02 18:44:12  [ main:407 ] - [ ERROR ]  插入信息与该表字段不符
 2018-09-02 18:44:12  [ main:407 ] - [ ERROR ]  插入信息与该表字段不符
 2018-09-02 18:44:12  [ main:407 ] - [ ERROR ]  插入信息与该表字段不符
 2018-09-02 18:44:12  [ main:407 ] - [ ERROR ]  插入信息与该表字段不符
 2018-09-02 18:44:12  [ main:408 ] - [ ERROR ]  插入信息与该表字段不符
 2018-09-02 18:44:12  [ main:408 ] - [ ERROR ]  插入信息与该表字段不符
 2018-09-02 18:44:12  [ main:408 ] - [ ERROR ]  插入信息与该表字段不符
 2018-09-02 18:44:12  [ main:408 ] - [ ERROR ]  插入信息与该表字段不符
 2018-09-02 18:44:12  [ main:408 ] - [ ERROR ]  插入信息与该表字段不符
 2018-09-02 18:44:12  [ main:408 ] - [ ERROR ]  插入信息与该表字段不符
 2018-09-02 18:44:12  [ main:408 ] - [ ERROR ]  插入信息与该表字段不符
 2018-09-02 18:44:12  [ main:408 ] - [ ERROR ]  插入信息与该表字段不符
 2018-09-02 18:44:12  [ main:409 ] - [ ERROR ]  插入信息与该表字段不符
 2018-09-02 18:44:12  [ main:409 ] - [ ERROR ]  插入信息与该表字段不符
 2018-09-02 18:44:12  [ main:409 ] - [ ERROR ]  插入信息与该表字段不符
 2018-09-02 18:44:12  [ main:409 ] - [ ERROR ]  插入信息与该表字段不符
 2018-09-02 18:44:12  [ main:409 ] - [ ERROR ]  插入信息与该表字段不符
 2018-09-02 18:44:12  [ main:409 ] - [ ERROR ]  插入信息与该表字段不符
 2018-09-02 18:44:12  [ main:409 ] - [ ERROR ]  插入信息与该表字段不符
 2018-09-02 18:44:12  [ main:410 ] - [ ERROR ]  插入信息与该表字段不符
 2018-09-02 18:44:12  [ main:410 ] - [ ERROR ]  插入信息与该表字段不符
 2018-09-02 18:44:12  [ main:410 ] - [ ERROR ]  插入信息与该表字段不符
 2018-09-02 18:44:12  [ main:410 ] - [ ERROR ]  插入信息与该表字段不符
 2018-09-02 18:44:12  [ main:410 ] - [ ERROR ]  插入信息与该表字段不符
 2018-09-02 18:44:12  [ main:410 ] - [ ERROR ]  插入信息与该表字段不符
 2018-09-02 18:44:12  [ main:410 ] - [ ERROR ]  插入信息与该表字段不符
 2018-09-02 18:44:12  [ main:410 ] - [ ERROR ]  插入信息与该表字段不符
 2018-09-02 18:44:12  [ main:411 ] - [ ERROR ]  插入信息与该表字段不符
 2018-09-02 18:44:12  [ main:411 ] - [ ERROR ]  插入信息与该表字段不符
 2018-09-02 18:44:12  [ main:411 ] - [ ERROR ]  插入信息与该表字段不符
 2018-09-02 18:44:12  [ main:411 ] - [ ERROR ]  插入信息与该表字段不符
 2018-09-02 18:44:12  [ main:411 ] - [ ERROR ]  插入信息与该表字段不符
 2018-09-02 18:44:12  [ main:411 ] - [ ERROR ]  插入信息与该表字段不符
 2018-09-02 18:44:12  [ main:411 ] - [ ERROR ]  插入信息与该表字段不符
 2018-09-02 18:44:12  [ main:411 ] - [ ERROR ]  插入信息与该表字段不符
 2018-09-02 18:44:12  [ main:412 ] - [ ERROR ]  插入信息与该表字段不符
 2018-09-02 18:44:12  [ main:412 ] - [ ERROR ]  插入信息与该表字段不符
 2018-09-02 18:44:12  [ main:412 ] - [ ERROR ]  插入信息与该表字段不符
 2018-09-02 18:44:12  [ main:412 ] - [ ERROR ]  插入信息与该表字段不符
 2018-09-02 18:44:12  [ main:412 ] - [ ERROR ]  插入信息与该表字段不符
 2018-09-02 18:44:12  [ main:412 ] - [ ERROR ]  插入信息与该表字段不符
 2018-09-02 18:44:12  [ main:412 ] - [ ERROR ]  插入信息与该表字段不符
 2018-09-02 18:44:12  [ main:412 ] - [ ERROR ]  插入信息与该表字段不符
 2018-09-02 18:44:12  [ main:413 ] - [ ERROR ]  插入信息与该表字段不符
 2018-09-02 18:44:12  [ main:413 ] - [ ERROR ]  插入信息与该表字段不符
 2018-09-02 18:44:12  [ main:413 ] - [ ERROR ]  插入信息与该表字段不符
 2018-09-02 18:44:12  [ main:413 ] - [ ERROR ]  插入信息与该表字段不符
 2018-09-02 18:44:12  [ main:413 ] - [ ERROR ]  插入信息与该表字段不符
 2018-09-02 18:44:12  [ main:413 ] - [ ERROR ]  插入信息与该表字段不符
 2018-09-02 18:44:12  [ main:413 ] - [ ERROR ]  插入信息与该表字段不符
 2018-09-02 18:44:12  [ main:413 ] - [ ERROR ]  插入信息与该表字段不符
 2018-09-02 18:44:12  [ main:414 ] - [ ERROR ]  插入信息与该表字段不符
 2018-09-02 18:44:12  [ main:414 ] - [ ERROR ]  插入信息与该表字段不符
 2018-09-02 18:44:12  [ main:414 ] - [ ERROR ]  插入信息与该表字段不符
 2018-09-02 18:44:12  [ main:414 ] - [ ERROR ]  插入信息与该表字段不符
 2018-09-02 18:44:12  [ main:414 ] - [ ERROR ]  插入信息与该表字段不符
 2018-09-02 18:44:12  [ main:414 ] - [ ERROR ]  插入信息与该表字段不符
 2018-09-02 18:44:12  [ main:414 ] - [ ERROR ]  插入信息与该表字段不符
 2018-09-02 18:44:12  [ main:414 ] - [ ERROR ]  插入信息与该表字段不符
 2018-09-02 18:44:12  [ main:415 ] - [ ERROR ]  插入信息与该表字段不符
 2018-09-02 18:44:12  [ main:415 ] - [ ERROR ]  插入信息与该表字段不符
 2018-09-02 18:44:12  [ main:415 ] - [ ERROR ]  插入信息与该表字段不符
 2018-09-02 18:44:12  [ main:415 ] - [ ERROR ]  插入信息与该表字段不符
 2018-09-02 18:44:12  [ main:415 ] - [ ERROR ]  插入信息与该表字段不符
 2018-09-02 18:44:12  [ main:415 ] - [ ERROR ]  插入信息与该表字段不符
 2018-09-02 18:44:12  [ main:415 ] - [ ERROR ]  插入信息与该表字段不符
 2018-09-02 18:44:12  [ main:415 ] - [ ERROR ]  插入信息与该表字段不符
 2018-09-02 18:44:12  [ main:416 ] - [ ERROR ]  插入信息与该表字段不符
 2018-09-02 18:44:12  [ main:416 ] - [ ERROR ]  插入信息与该表字段不符
 2018-09-02 18:44:12  [ main:416 ] - [ ERROR ]  插入信息与该表字段不符
 2018-09-02 18:44:12  [ main:416 ] - [ ERROR ]  插入信息与该表字段不符
 2018-09-02 18:44:12  [ main:416 ] - [ ERROR ]  插入信息与该表字段不符
 2018-09-02 18:44:12  [ main:416 ] - [ ERROR ]  插入信息与该表字段不符
 2018-09-02 18:44:12  [ main:416 ] - [ ERROR ]  插入信息与该表字段不符
 2018-09-02 18:44:12  [ main:416 ] - [ ERROR ]  插入信息与该表字段不符
 2018-09-02 18:44:12  [ main:417 ] - [ ERROR ]  插入信息与该表字段不符
 2018-09-02 18:44:12  [ main:417 ] - [ ERROR ]  插入信息与该表字段不符
 2018-09-02 18:44:12  [ main:417 ] - [ ERROR ]  插入信息与该表字段不符
 2018-09-02 18:44:12  [ main:417 ] - [ ERROR ]  插入信息与该表字段不符
 2018-09-02 18:44:12  [ main:418 ] - [ ERROR ]  插入信息与该表字段不符
 2018-09-02 18:44:12  [ main:418 ] - [ ERROR ]  插入信息与该表字段不符
 2018-09-02 18:44:12  [ main:418 ] - [ ERROR ]  插入信息与该表字段不符
 2018-09-02 18:44:12  [ main:418 ] - [ ERROR ]  插入信息与该表字段不符
 2018-09-02 18:44:12  [ main:418 ] - [ ERROR ]  插入信息与该表字段不符
 2018-09-02 18:44:12  [ main:418 ] - [ ERROR ]  插入信息与该表字段不符
 2018-09-02 18:44:12  [ main:419 ] - [ ERROR ]  插入信息与该表字段不符
 2018-09-02 18:44:12  [ main:419 ] - [ ERROR ]  插入信息与该表字段不符
 2018-09-02 18:44:12  [ main:419 ] - [ ERROR ]  插入信息与该表字段不符
 2018-09-02 18:44:12  [ main:419 ] - [ ERROR ]  插入信息与该表字段不符
 2018-09-02 18:44:12  [ main:419 ] - [ ERROR ]  插入信息与该表字段不符
 2018-09-02 18:44:12  [ main:419 ] - [ ERROR ]  插入信息与该表字段不符
 2018-09-02 18:44:12  [ main:419 ] - [ ERROR ]  插入信息与该表字段不符
 2018-09-02 18:44:12  [ main:420 ] - [ ERROR ]  插入信息与该表字段不符
 2018-09-02 18:44:12  [ main:420 ] - [ ERROR ]  插入信息与该表字段不符
 2018-09-02 18:44:12  [ main:420 ] - [ ERROR ]  插入信息与该表字段不符
 2018-09-02 18:44:12  [ main:420 ] - [ ERROR ]  插入信息与该表字段不符
 2018-09-02 18:44:12  [ main:421 ] - [ ERROR ]  插入信息与该表字段不符
 2018-09-02 18:44:12  [ main:421 ] - [ ERROR ]  插入信息与该表字段不符
 2018-09-02 18:44:12  [ main:421 ] - [ ERROR ]  插入信息与该表字段不符
 2018-09-02 18:44:12  [ main:421 ] - [ ERROR ]  插入信息与该表字段不符
 2018-09-02 18:44:12  [ main:421 ] - [ ERROR ]  插入信息与该表字段不符
 2018-09-02 18:44:12  [ main:421 ] - [ ERROR ]  插入信息与该表字段不符
 2018-09-02 18:44:12  [ main:421 ] - [ ERROR ]  插入信息与该表字段不符
 2018-09-02 18:44:12  [ main:422 ] - [ ERROR ]  插入信息与该表字段不符
 2018-09-02 18:44:12  [ main:422 ] - [ ERROR ]  插入信息与该表字段不符
 2018-09-02 18:44:12  [ main:422 ] - [ ERROR ]  插入信息与该表字段不符
 2018-09-02 18:44:12  [ main:422 ] - [ ERROR ]  插入信息与该表字段不符
 2018-09-02 18:44:12  [ main:422 ] - [ ERROR ]  插入信息与该表字段不符
 2018-09-02 18:44:12  [ main:422 ] - [ ERROR ]  插入信息与该表字段不符
 2018-09-02 18:44:12  [ main:423 ] - [ ERROR ]  插入信息与该表字段不符
 2018-09-02 18:44:12  [ main:423 ] - [ ERROR ]  插入信息与该表字段不符
 2018-09-02 18:44:12  [ main:423 ] - [ ERROR ]  插入信息与该表字段不符
 2018-09-02 18:44:12  [ main:423 ] - [ ERROR ]  插入信息与该表字段不符
 2018-09-02 18:44:12  [ main:423 ] - [ ERROR ]  插入信息与该表字段不符
 2018-09-02 18:44:12  [ main:424 ] - [ ERROR ]  插入信息与该表字段不符
 2018-09-02 18:44:12  [ main:424 ] - [ ERROR ]  插入信息与该表字段不符
 2018-09-02 18:44:12  [ main:424 ] - [ ERROR ]  插入信息与该表字段不符
 2018-09-02 18:44:12  [ main:424 ] - [ ERROR ]  插入信息与该表字段不符
 2018-09-02 18:44:12  [ main:424 ] - [ ERROR ]  插入信息与该表字段不符
 2018-09-02 18:44:12  [ main:424 ] - [ ERROR ]  插入信息与该表字段不符
 2018-09-02 18:44:12  [ main:425 ] - [ ERROR ]  插入信息与该表字段不符
 2018-09-02 18:44:12  [ main:425 ] - [ ERROR ]  插入信息与该表字段不符
 2018-09-02 18:44:12  [ main:425 ] - [ ERROR ]  插入信息与该表字段不符
 2018-09-02 18:44:12  [ main:425 ] - [ ERROR ]  插入信息与该表字段不符
 2018-09-02 18:44:12  [ main:425 ] - [ ERROR ]  插入信息与该表字段不符
 2018-09-02 18:44:12  [ main:425 ] - [ ERROR ]  插入信息与该表字段不符
 2018-09-02 18:44:12  [ main:425 ] - [ ERROR ]  插入信息与该表字段不符
 2018-09-02 18:44:12  [ main:426 ] - [ ERROR ]  插入信息与该表字段不符
 2018-09-02 18:44:12  [ main:426 ] - [ ERROR ]  插入信息与该表字段不符
 2018-09-02 18:44:12  [ main:426 ] - [ ERROR ]  插入信息与该表字段不符
 2018-09-02 18:44:12  [ main:426 ] - [ ERROR ]  插入信息与该表字段不符
 2018-09-02 18:44:12  [ main:426 ] - [ ERROR ]  插入信息与该表字段不符
 2018-09-02 18:44:12  [ main:426 ] - [ ERROR ]  插入信息与该表字段不符
 2018-09-02 18:44:12  [ main:427 ] - [ ERROR ]  插入信息与该表字段不符
 2018-09-02 18:44:12  [ main:427 ] - [ ERROR ]  插入信息与该表字段不符
 2018-09-02 18:44:12  [ main:427 ] - [ ERROR ]  插入信息与该表字段不符
 2018-09-02 18:44:12  [ main:427 ] - [ ERROR ]  插入信息与该表字段不符
 2018-09-02 18:44:12  [ main:427 ] - [ ERROR ]  插入信息与该表字段不符
 2018-09-02 18:44:12  [ main:428 ] - [ ERROR ]  插入信息与该表字段不符
 2018-09-02 18:44:12  [ main:428 ] - [ ERROR ]  插入信息与该表字段不符
 2018-09-02 18:44:12  [ main:428 ] - [ ERROR ]  插入信息与该表字段不符
 2018-09-02 18:44:12  [ main:429 ] - [ ERROR ]  插入信息与该表字段不符
 2018-09-02 18:44:12  [ main:429 ] - [ ERROR ]  插入信息与该表字段不符
 2018-09-02 18:44:12  [ main:429 ] - [ ERROR ]  插入信息与该表字段不符
 2018-09-02 18:44:12  [ main:429 ] - [ ERROR ]  插入信息与该表字段不符
 2018-09-02 18:44:12  [ main:429 ] - [ ERROR ]  插入信息与该表字段不符
 2018-09-02 18:44:12  [ main:429 ] - [ ERROR ]  插入信息与该表字段不符
 2018-09-02 18:44:12  [ main:429 ] - [ ERROR ]  插入信息与该表字段不符
 2018-09-02 18:44:12  [ main:429 ] - [ ERROR ]  插入信息与该表字段不符
 2018-09-02 18:44:12  [ main:429 ] - [ ERROR ]  插入信息与该表字段不符
 2018-09-02 18:44:12  [ main:430 ] - [ ERROR ]  插入信息与该表字段不符
 2018-09-02 18:44:12  [ main:430 ] - [ ERROR ]  插入信息与该表字段不符
 2018-09-02 18:44:12  [ main:430 ] - [ ERROR ]  插入信息与该表字段不符
 2018-09-02 18:44:12  [ main:430 ] - [ ERROR ]  插入信息与该表字段不符
 2018-09-02 18:44:12  [ main:430 ] - [ ERROR ]  插入信息与该表字段不符
 2018-09-02 18:44:12  [ main:430 ] - [ ERROR ]  插入信息与该表字段不符
 2018-09-02 18:44:12  [ main:430 ] - [ ERROR ]  插入信息与该表字段不符
 2018-09-02 18:44:12  [ main:431 ] - [ ERROR ]  插入信息与该表字段不符
 2018-09-02 18:44:12  [ main:431 ] - [ ERROR ]  插入信息与该表字段不符
 2018-09-02 18:44:12  [ main:431 ] - [ ERROR ]  插入信息与该表字段不符
 2018-09-02 18:44:12  [ main:431 ] - [ ERROR ]  插入信息与该表字段不符
 2018-09-02 18:44:12  [ main:431 ] - [ ERROR ]  插入信息与该表字段不符
 2018-09-02 18:44:12  [ main:431 ] - [ ERROR ]  插入信息与该表字段不符
 2018-09-02 18:44:12  [ main:431 ] - [ ERROR ]  插入信息与该表字段不符
 2018-09-02 18:44:12  [ main:432 ] - [ ERROR ]  插入信息与该表字段不符
 2018-09-02 18:44:12  [ main:432 ] - [ ERROR ]  插入信息与该表字段不符
 2018-09-02 18:44:12  [ main:432 ] - [ ERROR ]  插入信息与该表字段不符
 2018-09-02 18:44:12  [ main:432 ] - [ ERROR ]  插入信息与该表字段不符
 2018-09-02 18:44:12  [ main:432 ] - [ ERROR ]  插入信息与该表字段不符
 2018-09-02 18:44:12  [ main:432 ] - [ ERROR ]  插入信息与该表字段不符
 2018-09-02 18:44:12  [ main:432 ] - [ ERROR ]  插入信息与该表字段不符
 2018-09-02 18:44:12  [ main:432 ] - [ ERROR ]  插入信息与该表字段不符
 2018-09-02 18:44:12  [ main:433 ] - [ ERROR ]  插入信息与该表字段不符
 2018-09-02 18:44:12  [ main:433 ] - [ ERROR ]  插入信息与该表字段不符
 2018-09-02 18:44:12  [ main:433 ] - [ ERROR ]  插入信息与该表字段不符
 2018-09-02 18:44:12  [ main:433 ] - [ ERROR ]  插入信息与该表字段不符
 2018-09-02 18:44:12  [ main:433 ] - [ ERROR ]  插入信息与该表字段不符
 2018-09-02 18:44:12  [ main:433 ] - [ ERROR ]  插入信息与该表字段不符
 2018-09-02 18:44:12  [ main:434 ] - [ ERROR ]  插入信息与该表字段不符
 2018-09-02 18:44:12  [ main:434 ] - [ ERROR ]  插入信息与该表字段不符
 2018-09-02 18:44:12  [ main:434 ] - [ ERROR ]  插入信息与该表字段不符
 2018-09-02 18:44:12  [ main:434 ] - [ ERROR ]  插入信息与该表字段不符
 2018-09-02 18:44:12  [ main:434 ] - [ ERROR ]  插入信息与该表字段不符
 2018-09-02 18:44:12  [ main:434 ] - [ ERROR ]  插入信息与该表字段不符
 2018-09-02 18:44:12  [ main:435 ] - [ ERROR ]  插入信息与该表字段不符
 2018-09-02 18:44:12  [ main:435 ] - [ ERROR ]  插入信息与该表字段不符
 2018-09-02 18:44:12  [ main:435 ] - [ ERROR ]  插入信息与该表字段不符
 2018-09-02 18:44:12  [ main:435 ] - [ ERROR ]  插入信息与该表字段不符
 2018-09-02 18:44:12  [ main:436 ] - [ ERROR ]  插入信息与该表字段不符
 2018-09-02 18:44:12  [ main:436 ] - [ ERROR ]  插入信息与该表字段不符
 2018-09-02 18:44:12  [ main:437 ] - [ ERROR ]  插入信息与该表字段不符
 2018-09-02 18:44:12  [ main:437 ] - [ ERROR ]  插入信息与该表字段不符
 2018-09-02 18:44:12  [ main:437 ] - [ ERROR ]  插入信息与该表字段不符
 2018-09-02 18:44:12  [ main:437 ] - [ ERROR ]  插入信息与该表字段不符
 2018-09-02 18:44:12  [ main:438 ] - [ ERROR ]  插入信息与该表字段不符
 2018-09-02 18:44:12  [ main:438 ] - [ ERROR ]  插入信息与该表字段不符
 2018-09-02 18:44:12  [ main:438 ] - [ ERROR ]  插入信息与该表字段不符
 2018-09-02 18:44:12  [ main:438 ] - [ ERROR ]  插入信息与该表字段不符
 2018-09-02 18:44:12  [ main:439 ] - [ ERROR ]  插入信息与该表字段不符
 2018-09-02 18:44:12  [ main:439 ] - [ ERROR ]  插入信息与该表字段不符
 2018-09-02 18:44:12  [ main:439 ] - [ ERROR ]  插入信息与该表字段不符
 2018-09-02 18:44:12  [ main:439 ] - [ ERROR ]  插入信息与该表字段不符
 2018-09-02 18:44:12  [ main:439 ] - [ ERROR ]  插入信息与该表字段不符
 2018-09-02 18:44:12  [ main:439 ] - [ ERROR ]  插入信息与该表字段不符
 2018-09-02 18:44:12  [ main:439 ] - [ ERROR ]  插入信息与该表字段不符
 2018-09-02 18:44:12  [ main:439 ] - [ ERROR ]  插入信息与该表字段不符
 